2025-09-17T21:49:17.635207Z  INFO tailwindcss_oxide::scanner: Provided sources:
2025-09-17T21:49:17.647440Z  INFO tailwindcss_oxide::scanner: Source: PublicSourceEntry { base: "g:\\Brave Downloads\\SuperShop-main(rawan hossam)\\SuperShop-main", pattern: "**/*", negated: false }
2025-09-17T21:49:17.647948Z  INFO tailwindcss_oxide::scanner: Optimized sources:
2025-09-17T21:49:17.647974Z  INFO tailwindcss_oxide::scanner: Source: Auto { base: "G:\\Brave Downloads\\SuperShop-main(rawan hossam)\\SuperShop-main" }
2025-09-17T21:49:17.650866Z  INFO get_files: tailwindcss_oxide::scanner: enter
2025-09-17T21:49:17.650974Z  INFO get_files:scan_sources: tailwindcss_oxide::scanner: enter
2025-09-17T21:49:17.655692Z  INFO get_files:scan_sources: tailwindcss_oxide::scanner: Discovering "G:\\Brave Downloads\\SuperShop-main(rawan hossam)\\SuperShop-main\\.vscode"
2025-09-17T21:49:17.656993Z  INFO get_files:scan_sources: tailwindcss_oxide::scanner: Discovering "G:\\Brave Downloads\\SuperShop-main(rawan hossam)\\SuperShop-main\\.vscode\\settings.json"
2025-09-17T21:49:17.657238Z  INFO get_files:scan_sources: tailwindcss_oxide::scanner: Discovering "G:\\Brave Downloads\\SuperShop-main(rawan hossam)\\SuperShop-main\\components.json"
2025-09-17T21:49:17.657445Z  INFO get_files:scan_sources: tailwindcss_oxide::scanner: Discovering "G:\\Brave Downloads\\SuperShop-main(rawan hossam)\\SuperShop-main\\eslint.config.mjs"
2025-09-17T21:49:17.657641Z  INFO get_files:scan_sources: tailwindcss_oxide::scanner: Discovering "G:\\Brave Downloads\\SuperShop-main(rawan hossam)\\SuperShop-main\\next.config.ts"
2025-09-17T21:49:17.658869Z  INFO get_files:scan_sources: tailwindcss_oxide::scanner: Discovering "G:\\Brave Downloads\\SuperShop-main(rawan hossam)\\SuperShop-main\\package.json"
2025-09-17T21:49:17.659210Z  INFO get_files:scan_sources: tailwindcss_oxide::scanner: Discovering "G:\\Brave Downloads\\SuperShop-main(rawan hossam)\\SuperShop-main\\postcss.config.mjs"
2025-09-17T21:49:17.659677Z  INFO get_files:scan_sources: tailwindcss_oxide::scanner: Discovering "G:\\Brave Downloads\\SuperShop-main(rawan hossam)\\SuperShop-main\\public"
2025-09-17T21:49:17.660128Z  INFO get_files:scan_sources: tailwindcss_oxide::scanner: Discovering "G:\\Brave Downloads\\SuperShop-main(rawan hossam)\\SuperShop-main\\public\\download.svg"
2025-09-17T21:49:17.660325Z  INFO get_files:scan_sources: tailwindcss_oxide::scanner: Discovering "G:\\Brave Downloads\\SuperShop-main(rawan hossam)\\SuperShop-main\\public\\file.svg"
2025-09-17T21:49:17.660511Z  INFO get_files:scan_sources: tailwindcss_oxide::scanner: Discovering "G:\\Brave Downloads\\SuperShop-main(rawan hossam)\\SuperShop-main\\public\\globe.svg"
2025-09-17T21:49:17.660694Z  INFO get_files:scan_sources: tailwindcss_oxide::scanner: Discovering "G:\\Brave Downloads\\SuperShop-main(rawan hossam)\\SuperShop-main\\public\\next.svg"
2025-09-17T21:49:17.661836Z  INFO get_files:scan_sources: tailwindcss_oxide::scanner: Discovering "G:\\Brave Downloads\\SuperShop-main(rawan hossam)\\SuperShop-main\\public\\slider"
2025-09-17T21:49:17.662536Z  INFO get_files:scan_sources: tailwindcss_oxide::scanner: Discovering "G:\\Brave Downloads\\SuperShop-main(rawan hossam)\\SuperShop-main\\public\\vercel.svg"
2025-09-17T21:49:17.663209Z  INFO get_files:scan_sources: tailwindcss_oxide::scanner: Discovering "G:\\Brave Downloads\\SuperShop-main(rawan hossam)\\SuperShop-main\\public\\window.svg"
2025-09-17T21:49:17.663624Z  INFO get_files:scan_sources: tailwindcss_oxide::scanner: Discovering "G:\\Brave Downloads\\SuperShop-main(rawan hossam)\\SuperShop-main\\README.md"
2025-09-17T21:49:17.663977Z  INFO get_files:scan_sources: tailwindcss_oxide::scanner: Discovering "G:\\Brave Downloads\\SuperShop-main(rawan hossam)\\SuperShop-main\\src"
2025-09-17T21:49:17.665731Z  INFO get_files:scan_sources: tailwindcss_oxide::scanner: Discovering "G:\\Brave Downloads\\SuperShop-main(rawan hossam)\\SuperShop-main\\src\\app"
2025-09-17T21:49:17.666575Z  INFO get_files:scan_sources: tailwindcss_oxide::scanner: Discovering "G:\\Brave Downloads\\SuperShop-main(rawan hossam)\\SuperShop-main\\src\\app\\(auth)"
2025-09-17T21:49:17.667477Z  INFO get_files:scan_sources: tailwindcss_oxide::scanner: Discovering "G:\\Brave Downloads\\SuperShop-main(rawan hossam)\\SuperShop-main\\src\\app\\(auth)\\forgetpassword"
2025-09-17T21:49:17.668028Z  INFO get_files:scan_sources: tailwindcss_oxide::scanner: Discovering "G:\\Brave Downloads\\SuperShop-main(rawan hossam)\\SuperShop-main\\src\\app\\(auth)\\forgetpassword\\page.tsx"
2025-09-17T21:49:17.668436Z  INFO get_files:scan_sources: tailwindcss_oxide::scanner: Discovering "G:\\Brave Downloads\\SuperShop-main(rawan hossam)\\SuperShop-main\\src\\app\\(auth)\\register"
2025-09-17T21:49:17.669312Z  INFO get_files:scan_sources: tailwindcss_oxide::scanner: Discovering "G:\\Brave Downloads\\SuperShop-main(rawan hossam)\\SuperShop-main\\src\\app\\(auth)\\register\\page.tsx"
2025-09-17T21:49:17.669729Z  INFO get_files:scan_sources: tailwindcss_oxide::scanner: Discovering "G:\\Brave Downloads\\SuperShop-main(rawan hossam)\\SuperShop-main\\src\\app\\(auth)\\resetcode"
2025-09-17T21:49:17.670276Z  INFO get_files:scan_sources: tailwindcss_oxide::scanner: Discovering "G:\\Brave Downloads\\SuperShop-main(rawan hossam)\\SuperShop-main\\src\\app\\(auth)\\resetcode\\page.tsx"
2025-09-17T21:49:17.670717Z  INFO get_files:scan_sources: tailwindcss_oxide::scanner: Discovering "G:\\Brave Downloads\\SuperShop-main(rawan hossam)\\SuperShop-main\\src\\app\\(auth)\\resetpassword"
2025-09-17T21:49:17.671388Z  INFO get_files:scan_sources: tailwindcss_oxide::scanner: Discovering "G:\\Brave Downloads\\SuperShop-main(rawan hossam)\\SuperShop-main\\src\\app\\(auth)\\resetpassword\\page.tsx"
2025-09-17T21:49:17.671711Z  INFO get_files:scan_sources: tailwindcss_oxide::scanner: Discovering "G:\\Brave Downloads\\SuperShop-main(rawan hossam)\\SuperShop-main\\src\\app\\(auth)\\signin"
2025-09-17T21:49:17.672052Z  INFO get_files:scan_sources: tailwindcss_oxide::scanner: Discovering "G:\\Brave Downloads\\SuperShop-main(rawan hossam)\\SuperShop-main\\src\\app\\(auth)\\signin\\page.tsx"
2025-09-17T21:49:17.672721Z  INFO get_files:scan_sources: tailwindcss_oxide::scanner: Discovering "G:\\Brave Downloads\\SuperShop-main(rawan hossam)\\SuperShop-main\\src\\app\\actions"
2025-09-17T21:49:17.673422Z  INFO get_files:scan_sources: tailwindcss_oxide::scanner: Discovering "G:\\Brave Downloads\\SuperShop-main(rawan hossam)\\SuperShop-main\\src\\app\\actions\\brands.action.ts"
2025-09-17T21:49:17.673708Z  INFO get_files:scan_sources: tailwindcss_oxide::scanner: Discovering "G:\\Brave Downloads\\SuperShop-main(rawan hossam)\\SuperShop-main\\src\\app\\actions\\cart.action.ts"
2025-09-17T21:49:17.673940Z  INFO get_files:scan_sources: tailwindcss_oxide::scanner: Discovering "G:\\Brave Downloads\\SuperShop-main(rawan hossam)\\SuperShop-main\\src\\app\\actions\\categories.action.ts"
2025-09-17T21:49:17.674136Z  INFO get_files:scan_sources: tailwindcss_oxide::scanner: Discovering "G:\\Brave Downloads\\SuperShop-main(rawan hossam)\\SuperShop-main\\src\\app\\actions\\payment.action.ts"
2025-09-17T21:49:17.674323Z  INFO get_files:scan_sources: tailwindcss_oxide::scanner: Discovering "G:\\Brave Downloads\\SuperShop-main(rawan hossam)\\SuperShop-main\\src\\app\\actions\\products.action.ts"
2025-09-17T21:49:17.674646Z  INFO get_files:scan_sources: tailwindcss_oxide::scanner: Discovering "G:\\Brave Downloads\\SuperShop-main(rawan hossam)\\SuperShop-main\\src\\app\\actions\\wishlist.action.ts"
2025-09-17T21:49:17.675341Z  INFO get_files:scan_sources: tailwindcss_oxide::scanner: Discovering "G:\\Brave Downloads\\SuperShop-main(rawan hossam)\\SuperShop-main\\src\\app\\allorders"
2025-09-17T21:49:17.676045Z  INFO get_files:scan_sources: tailwindcss_oxide::scanner: Discovering "G:\\Brave Downloads\\SuperShop-main(rawan hossam)\\SuperShop-main\\src\\app\\allorders\\page.tsx"
2025-09-17T21:49:17.677487Z  INFO get_files:scan_sources: tailwindcss_oxide::scanner: Discovering "G:\\Brave Downloads\\SuperShop-main(rawan hossam)\\SuperShop-main\\src\\app\\api"
2025-09-17T21:49:17.678246Z  INFO get_files:scan_sources: tailwindcss_oxide::scanner: Discovering "G:\\Brave Downloads\\SuperShop-main(rawan hossam)\\SuperShop-main\\src\\app\\api\\auth"
2025-09-17T21:49:17.678893Z  INFO get_files:scan_sources: tailwindcss_oxide::scanner: Discovering "G:\\Brave Downloads\\SuperShop-main(rawan hossam)\\SuperShop-main\\src\\app\\api\\auth\\[...nextauth]"
2025-09-17T21:49:17.679584Z  INFO get_files:scan_sources: tailwindcss_oxide::scanner: Discovering "G:\\Brave Downloads\\SuperShop-main(rawan hossam)\\SuperShop-main\\src\\app\\api\\auth\\[...nextauth]\\route.ts"
2025-09-17T21:49:17.680268Z  INFO get_files:scan_sources: tailwindcss_oxide::scanner: Discovering "G:\\Brave Downloads\\SuperShop-main(rawan hossam)\\SuperShop-main\\src\\app\\brands"
2025-09-17T21:49:17.680749Z  INFO get_files:scan_sources: tailwindcss_oxide::scanner: Discovering "G:\\Brave Downloads\\SuperShop-main(rawan hossam)\\SuperShop-main\\src\\app\\brands\\page.tsx"
2025-09-17T21:49:17.681373Z  INFO get_files:scan_sources: tailwindcss_oxide::scanner: Discovering "G:\\Brave Downloads\\SuperShop-main(rawan hossam)\\SuperShop-main\\src\\app\\cart"
2025-09-17T21:49:17.682203Z  INFO get_files:scan_sources: tailwindcss_oxide::scanner: Discovering "G:\\Brave Downloads\\SuperShop-main(rawan hossam)\\SuperShop-main\\src\\app\\cart\\page.tsx"
2025-09-17T21:49:17.683846Z  INFO get_files:scan_sources: tailwindcss_oxide::scanner: Discovering "G:\\Brave Downloads\\SuperShop-main(rawan hossam)\\SuperShop-main\\src\\app\\categories"
2025-09-17T21:49:17.684354Z  INFO get_files:scan_sources: tailwindcss_oxide::scanner: Discovering "G:\\Brave Downloads\\SuperShop-main(rawan hossam)\\SuperShop-main\\src\\app\\categories\\page.tsx"
2025-09-17T21:49:17.684620Z  INFO get_files:scan_sources: tailwindcss_oxide::scanner: Discovering "G:\\Brave Downloads\\SuperShop-main(rawan hossam)\\SuperShop-main\\src\\app\\categories\\[id]"
2025-09-17T21:49:17.684968Z  INFO get_files:scan_sources: tailwindcss_oxide::scanner: Discovering "G:\\Brave Downloads\\SuperShop-main(rawan hossam)\\SuperShop-main\\src\\app\\categories\\[id]\\page.tsx"
2025-09-17T21:49:17.685359Z  INFO get_files:scan_sources: tailwindcss_oxide::scanner: Discovering "G:\\Brave Downloads\\SuperShop-main(rawan hossam)\\SuperShop-main\\src\\app\\checkout"
2025-09-17T21:49:17.685744Z  INFO get_files:scan_sources: tailwindcss_oxide::scanner: Discovering "G:\\Brave Downloads\\SuperShop-main(rawan hossam)\\SuperShop-main\\src\\app\\checkout\\page.tsx"
2025-09-17T21:49:17.686015Z  INFO get_files:scan_sources: tailwindcss_oxide::scanner: Discovering "G:\\Brave Downloads\\SuperShop-main(rawan hossam)\\SuperShop-main\\src\\app\\context"
2025-09-17T21:49:17.686411Z  INFO get_files:scan_sources: tailwindcss_oxide::scanner: Discovering "G:\\Brave Downloads\\SuperShop-main(rawan hossam)\\SuperShop-main\\src\\app\\context\\AuthProvider.tsx"
2025-09-17T21:49:17.686560Z  INFO get_files:scan_sources: tailwindcss_oxide::scanner: Discovering "G:\\Brave Downloads\\SuperShop-main(rawan hossam)\\SuperShop-main\\src\\app\\context\\CartProvider.tsx"
2025-09-17T21:49:17.686718Z  INFO get_files:scan_sources: tailwindcss_oxide::scanner: Discovering "G:\\Brave Downloads\\SuperShop-main(rawan hossam)\\SuperShop-main\\src\\app\\context\\WishlistProvider.tsx"
2025-09-17T21:49:17.686885Z  INFO get_files:scan_sources: tailwindcss_oxide::scanner: Discovering "G:\\Brave Downloads\\SuperShop-main(rawan hossam)\\SuperShop-main\\src\\app\\globals.css"
2025-09-17T21:49:17.687063Z  INFO get_files:scan_sources: tailwindcss_oxide::scanner: Discovering "G:\\Brave Downloads\\SuperShop-main(rawan hossam)\\SuperShop-main\\src\\app\\layout.tsx"
2025-09-17T21:49:17.687265Z  INFO get_files:scan_sources: tailwindcss_oxide::scanner: Discovering "G:\\Brave Downloads\\SuperShop-main(rawan hossam)\\SuperShop-main\\src\\app\\loading.tsx"
2025-09-17T21:49:17.687430Z  INFO get_files:scan_sources: tailwindcss_oxide::scanner: Discovering "G:\\Brave Downloads\\SuperShop-main(rawan hossam)\\SuperShop-main\\src\\app\\not-found.tsx"
2025-09-17T21:49:17.687564Z  INFO get_files:scan_sources: tailwindcss_oxide::scanner: Discovering "G:\\Brave Downloads\\SuperShop-main(rawan hossam)\\SuperShop-main\\src\\app\\page.tsx"
2025-09-17T21:49:17.687812Z  INFO get_files:scan_sources: tailwindcss_oxide::scanner: Discovering "G:\\Brave Downloads\\SuperShop-main(rawan hossam)\\SuperShop-main\\src\\app\\products"
2025-09-17T21:49:17.688155Z  INFO get_files:scan_sources: tailwindcss_oxide::scanner: Discovering "G:\\Brave Downloads\\SuperShop-main(rawan hossam)\\SuperShop-main\\src\\app\\products\\loading.tsx"
2025-09-17T21:49:17.688904Z  INFO get_files:scan_sources: tailwindcss_oxide::scanner: Discovering "G:\\Brave Downloads\\SuperShop-main(rawan hossam)\\SuperShop-main\\src\\app\\products\\page.tsx"
2025-09-17T21:49:17.690414Z  INFO get_files:scan_sources: tailwindcss_oxide::scanner: Discovering "G:\\Brave Downloads\\SuperShop-main(rawan hossam)\\SuperShop-main\\src\\app\\products\\[id]"
2025-09-17T21:49:17.691022Z  INFO get_files:scan_sources: tailwindcss_oxide::scanner: Discovering "G:\\Brave Downloads\\SuperShop-main(rawan hossam)\\SuperShop-main\\src\\app\\products\\[id]\\page.tsx"
2025-09-17T21:49:17.691469Z  INFO get_files:scan_sources: tailwindcss_oxide::scanner: Discovering "G:\\Brave Downloads\\SuperShop-main(rawan hossam)\\SuperShop-main\\src\\app\\types"
2025-09-17T21:49:17.691826Z  INFO get_files:scan_sources: tailwindcss_oxide::scanner: Discovering "G:\\Brave Downloads\\SuperShop-main(rawan hossam)\\SuperShop-main\\src\\app\\types\\brands.model.ts"
2025-09-17T21:49:17.691966Z  INFO get_files:scan_sources: tailwindcss_oxide::scanner: Discovering "G:\\Brave Downloads\\SuperShop-main(rawan hossam)\\SuperShop-main\\src\\app\\types\\cart.model.ts"
2025-09-17T21:49:17.692138Z  INFO get_files:scan_sources: tailwindcss_oxide::scanner: Discovering "G:\\Brave Downloads\\SuperShop-main(rawan hossam)\\SuperShop-main\\src\\app\\types\\category.model.ts"
2025-09-17T21:49:17.692332Z  INFO get_files:scan_sources: tailwindcss_oxide::scanner: Discovering "G:\\Brave Downloads\\SuperShop-main(rawan hossam)\\SuperShop-main\\src\\app\\types\\forgetpassword.model.ts"
2025-09-17T21:49:17.692486Z  INFO get_files:scan_sources: tailwindcss_oxide::scanner: Discovering "G:\\Brave Downloads\\SuperShop-main(rawan hossam)\\SuperShop-main\\src\\app\\types\\productDetails.model.ts"
2025-09-17T21:49:17.692636Z  INFO get_files:scan_sources: tailwindcss_oxide::scanner: Discovering "G:\\Brave Downloads\\SuperShop-main(rawan hossam)\\SuperShop-main\\src\\app\\types\\products.model.ts"
2025-09-17T21:49:17.692771Z  INFO get_files:scan_sources: tailwindcss_oxide::scanner: Discovering "G:\\Brave Downloads\\SuperShop-main(rawan hossam)\\SuperShop-main\\src\\app\\types\\wishlist.model.ts"
2025-09-17T21:49:17.693076Z  INFO get_files:scan_sources: tailwindcss_oxide::scanner: Discovering "G:\\Brave Downloads\\SuperShop-main(rawan hossam)\\SuperShop-main\\src\\app\\wishlist"
2025-09-17T21:49:17.693488Z  INFO get_files:scan_sources: tailwindcss_oxide::scanner: Discovering "G:\\Brave Downloads\\SuperShop-main(rawan hossam)\\SuperShop-main\\src\\app\\wishlist\\page.tsx"
2025-09-17T21:49:17.693800Z  INFO get_files:scan_sources: tailwindcss_oxide::scanner: Discovering "G:\\Brave Downloads\\SuperShop-main(rawan hossam)\\SuperShop-main\\src\\components"
2025-09-17T21:49:17.694219Z  INFO get_files:scan_sources: tailwindcss_oxide::scanner: Discovering "G:\\Brave Downloads\\SuperShop-main(rawan hossam)\\SuperShop-main\\src\\components\\brands-comps"
2025-09-17T21:49:17.695187Z  INFO get_files:scan_sources: tailwindcss_oxide::scanner: Discovering "G:\\Brave Downloads\\SuperShop-main(rawan hossam)\\SuperShop-main\\src\\components\\brands-comps\\BrandCard.tsx"
2025-09-17T21:49:17.695539Z  INFO get_files:scan_sources: tailwindcss_oxide::scanner: Discovering "G:\\Brave Downloads\\SuperShop-main(rawan hossam)\\SuperShop-main\\src\\components\\brands-comps\\BrandGridSystem.tsx"
2025-09-17T21:49:17.696318Z  INFO get_files:scan_sources: tailwindcss_oxide::scanner: Discovering "G:\\Brave Downloads\\SuperShop-main(rawan hossam)\\SuperShop-main\\src\\components\\cart-comps"
2025-09-17T21:49:17.696760Z  INFO get_files:scan_sources: tailwindcss_oxide::scanner: Discovering "G:\\Brave Downloads\\SuperShop-main(rawan hossam)\\SuperShop-main\\src\\components\\cart-comps\\TableCart.tsx"
2025-09-17T21:49:17.697472Z  INFO get_files:scan_sources: tailwindcss_oxide::scanner: Discovering "G:\\Brave Downloads\\SuperShop-main(rawan hossam)\\SuperShop-main\\src\\components\\categories-comps"
2025-09-17T21:49:17.698080Z  INFO get_files:scan_sources: tailwindcss_oxide::scanner: Discovering "G:\\Brave Downloads\\SuperShop-main(rawan hossam)\\SuperShop-main\\src\\components\\categories-comps\\CategoriesCard.tsx"
2025-09-17T21:49:17.698293Z  INFO get_files:scan_sources: tailwindcss_oxide::scanner: Discovering "G:\\Brave Downloads\\SuperShop-main(rawan hossam)\\SuperShop-main\\src\\components\\categories-comps\\CategoriesGridSystem.tsx"
2025-09-17T21:49:17.698664Z  INFO get_files:scan_sources: tailwindcss_oxide::scanner: Discovering "G:\\Brave Downloads\\SuperShop-main(rawan hossam)\\SuperShop-main\\src\\components\\footer"
2025-09-17T21:49:17.698983Z  INFO get_files:scan_sources: tailwindcss_oxide::scanner: Discovering "G:\\Brave Downloads\\SuperShop-main(rawan hossam)\\SuperShop-main\\src\\components\\footer\\Footer.tsx"
2025-09-17T21:49:17.699329Z  INFO get_files:scan_sources: tailwindcss_oxide::scanner: Discovering "G:\\Brave Downloads\\SuperShop-main(rawan hossam)\\SuperShop-main\\src\\components\\nav-comps"
2025-09-17T21:49:17.699730Z  INFO get_files:scan_sources: tailwindcss_oxide::scanner: Discovering "G:\\Brave Downloads\\SuperShop-main(rawan hossam)\\SuperShop-main\\src\\components\\nav-comps\\Navbar.tsx"
2025-09-17T21:49:17.700016Z  INFO get_files:scan_sources: tailwindcss_oxide::scanner: Discovering "G:\\Brave Downloads\\SuperShop-main(rawan hossam)\\SuperShop-main\\src\\components\\products-comps"
2025-09-17T21:49:17.701267Z  INFO get_files:scan_sources: tailwindcss_oxide::scanner: Discovering "G:\\Brave Downloads\\SuperShop-main(rawan hossam)\\SuperShop-main\\src\\components\\products-comps\\ProductCard.tsx"
2025-09-17T21:49:17.701611Z  INFO get_files:scan_sources: tailwindcss_oxide::scanner: Discovering "G:\\Brave Downloads\\SuperShop-main(rawan hossam)\\SuperShop-main\\src\\components\\products-comps\\ProductDetailsComps.tsx"
2025-09-17T21:49:17.701807Z  INFO get_files:scan_sources: tailwindcss_oxide::scanner: Discovering "G:\\Brave Downloads\\SuperShop-main(rawan hossam)\\SuperShop-main\\src\\components\\products-comps\\ProductsGridSystem.tsx"
2025-09-17T21:49:17.702396Z  INFO get_files:scan_sources: tailwindcss_oxide::scanner: Discovering "G:\\Brave Downloads\\SuperShop-main(rawan hossam)\\SuperShop-main\\src\\components\\slider-comps"
2025-09-17T21:49:17.703727Z  INFO get_files:scan_sources: tailwindcss_oxide::scanner: Discovering "G:\\Brave Downloads\\SuperShop-main(rawan hossam)\\SuperShop-main\\src\\components\\slider-comps\\CategoriesSliderComps.tsx"
2025-09-17T21:49:17.703938Z  INFO get_files:scan_sources: tailwindcss_oxide::scanner: Discovering "G:\\Brave Downloads\\SuperShop-main(rawan hossam)\\SuperShop-main\\src\\components\\slider-comps\\MainSlider.tsx"
2025-09-17T21:49:17.704386Z  INFO get_files:scan_sources: tailwindcss_oxide::scanner: Discovering "G:\\Brave Downloads\\SuperShop-main(rawan hossam)\\SuperShop-main\\src\\components\\ui"
2025-09-17T21:49:17.705167Z  INFO get_files:scan_sources: tailwindcss_oxide::scanner: Discovering "G:\\Brave Downloads\\SuperShop-main(rawan hossam)\\SuperShop-main\\src\\components\\ui\\badge.tsx"
2025-09-17T21:49:17.705350Z  INFO get_files:scan_sources: tailwindcss_oxide::scanner: Discovering "G:\\Brave Downloads\\SuperShop-main(rawan hossam)\\SuperShop-main\\src\\components\\ui\\button.tsx"
2025-09-17T21:49:17.705766Z  INFO get_files:scan_sources: tailwindcss_oxide::scanner: Discovering "G:\\Brave Downloads\\SuperShop-main(rawan hossam)\\SuperShop-main\\src\\components\\ui\\card.tsx"
2025-09-17T21:49:17.705953Z  INFO get_files:scan_sources: tailwindcss_oxide::scanner: Discovering "G:\\Brave Downloads\\SuperShop-main(rawan hossam)\\SuperShop-main\\src\\components\\ui\\hover-card.tsx"
2025-09-17T21:49:17.706146Z  INFO get_files:scan_sources: tailwindcss_oxide::scanner: Discovering "G:\\Brave Downloads\\SuperShop-main(rawan hossam)\\SuperShop-main\\src\\components\\ui\\input-otp.tsx"
2025-09-17T21:49:17.706312Z  INFO get_files:scan_sources: tailwindcss_oxide::scanner: Discovering "G:\\Brave Downloads\\SuperShop-main(rawan hossam)\\SuperShop-main\\src\\components\\ui\\input.tsx"
2025-09-17T21:49:17.706470Z  INFO get_files:scan_sources: tailwindcss_oxide::scanner: Discovering "G:\\Brave Downloads\\SuperShop-main(rawan hossam)\\SuperShop-main\\src\\components\\ui\\label.tsx"
2025-09-17T21:49:17.707464Z  INFO get_files:scan_sources: tailwindcss_oxide::scanner: Discovering "G:\\Brave Downloads\\SuperShop-main(rawan hossam)\\SuperShop-main\\src\\components\\ui\\navigation-menu.tsx"
2025-09-17T21:49:17.707700Z  INFO get_files:scan_sources: tailwindcss_oxide::scanner: Discovering "G:\\Brave Downloads\\SuperShop-main(rawan hossam)\\SuperShop-main\\src\\components\\ui\\radio-group.tsx"
2025-09-17T21:49:17.708184Z  INFO get_files:scan_sources: tailwindcss_oxide::scanner: Discovering "G:\\Brave Downloads\\SuperShop-main(rawan hossam)\\SuperShop-main\\src\\components\\ui\\table.tsx"
2025-09-17T21:49:17.708722Z  INFO get_files:scan_sources: tailwindcss_oxide::scanner: Discovering "G:\\Brave Downloads\\SuperShop-main(rawan hossam)\\SuperShop-main\\src\\components\\wishlist-comps"
2025-09-17T21:49:17.709324Z  INFO get_files:scan_sources: tailwindcss_oxide::scanner: Discovering "G:\\Brave Downloads\\SuperShop-main(rawan hossam)\\SuperShop-main\\src\\components\\wishlist-comps\\TableWishlist.tsx"
2025-09-17T21:49:17.710023Z  INFO get_files:scan_sources: tailwindcss_oxide::scanner: Discovering "G:\\Brave Downloads\\SuperShop-main(rawan hossam)\\SuperShop-main\\src\\components\\wishlist-comps\\WishlistCard.tsx"
2025-09-17T21:49:17.711576Z  INFO get_files:scan_sources: tailwindcss_oxide::scanner: Discovering "G:\\Brave Downloads\\SuperShop-main(rawan hossam)\\SuperShop-main\\src\\lib"
2025-09-17T21:49:17.712131Z  INFO get_files:scan_sources: tailwindcss_oxide::scanner: Discovering "G:\\Brave Downloads\\SuperShop-main(rawan hossam)\\SuperShop-main\\src\\lib\\tokenutils.ts"
2025-09-17T21:49:17.712311Z  INFO get_files:scan_sources: tailwindcss_oxide::scanner: Discovering "G:\\Brave Downloads\\SuperShop-main(rawan hossam)\\SuperShop-main\\src\\lib\\utils.ts"
2025-09-17T21:49:17.712474Z  INFO get_files:scan_sources: tailwindcss_oxide::scanner: Discovering "G:\\Brave Downloads\\SuperShop-main(rawan hossam)\\SuperShop-main\\src\\middleware.ts"
2025-09-17T21:49:17.713721Z  INFO get_files:scan_sources: tailwindcss_oxide::scanner: Discovering "G:\\Brave Downloads\\SuperShop-main(rawan hossam)\\SuperShop-main\\tsconfig.json"
2025-09-17T21:49:17.715030Z  INFO get_files:scan_sources: tailwindcss_oxide::scanner: exit
2025-09-17T21:49:17.716593Z  INFO get_files: tailwindcss_oxide::scanner: exit
2025-09-17T21:49:17.716893Z  INFO get_globs: tailwindcss_oxide::scanner: enter
2025-09-17T21:49:17.716910Z  INFO get_globs:scan_sources: tailwindcss_oxide::scanner: enter
2025-09-17T21:49:17.722555Z  INFO get_globs:scan_sources: tailwindcss_oxide::scanner: Discovering "G:\\Brave Downloads\\SuperShop-main(rawan hossam)\\SuperShop-main\\.vscode"
2025-09-17T21:49:17.724413Z  INFO get_globs:scan_sources: tailwindcss_oxide::scanner: Discovering "G:\\Brave Downloads\\SuperShop-main(rawan hossam)\\SuperShop-main\\public"
2025-09-17T21:49:17.725950Z  INFO get_globs:scan_sources: tailwindcss_oxide::scanner: Discovering "G:\\Brave Downloads\\SuperShop-main(rawan hossam)\\SuperShop-main\\public\\slider"
2025-09-17T21:49:17.726985Z  INFO get_globs:scan_sources: tailwindcss_oxide::scanner: Discovering "G:\\Brave Downloads\\SuperShop-main(rawan hossam)\\SuperShop-main\\src"
2025-09-17T21:49:17.728109Z  INFO get_globs:scan_sources: tailwindcss_oxide::scanner: Discovering "G:\\Brave Downloads\\SuperShop-main(rawan hossam)\\SuperShop-main\\src\\app"
2025-09-17T21:49:17.729252Z  INFO get_globs:scan_sources: tailwindcss_oxide::scanner: Discovering "G:\\Brave Downloads\\SuperShop-main(rawan hossam)\\SuperShop-main\\src\\app\\(auth)"
2025-09-17T21:49:17.729802Z  INFO get_globs:scan_sources: tailwindcss_oxide::scanner: Discovering "G:\\Brave Downloads\\SuperShop-main(rawan hossam)\\SuperShop-main\\src\\app\\(auth)\\forgetpassword"
2025-09-17T21:49:17.730417Z  INFO get_globs:scan_sources: tailwindcss_oxide::scanner: Discovering "G:\\Brave Downloads\\SuperShop-main(rawan hossam)\\SuperShop-main\\src\\app\\(auth)\\register"
2025-09-17T21:49:17.731328Z  INFO get_globs:scan_sources: tailwindcss_oxide::scanner: Discovering "G:\\Brave Downloads\\SuperShop-main(rawan hossam)\\SuperShop-main\\src\\app\\(auth)\\resetcode"
2025-09-17T21:49:17.732508Z  INFO get_globs:scan_sources: tailwindcss_oxide::scanner: Discovering "G:\\Brave Downloads\\SuperShop-main(rawan hossam)\\SuperShop-main\\src\\app\\(auth)\\resetpassword"
2025-09-17T21:49:17.733550Z  INFO get_globs:scan_sources: tailwindcss_oxide::scanner: Discovering "G:\\Brave Downloads\\SuperShop-main(rawan hossam)\\SuperShop-main\\src\\app\\(auth)\\signin"
2025-09-17T21:49:17.734744Z  INFO get_globs:scan_sources: tailwindcss_oxide::scanner: Discovering "G:\\Brave Downloads\\SuperShop-main(rawan hossam)\\SuperShop-main\\src\\app\\actions"
2025-09-17T21:49:17.735991Z  INFO get_globs:scan_sources: tailwindcss_oxide::scanner: Discovering "G:\\Brave Downloads\\SuperShop-main(rawan hossam)\\SuperShop-main\\src\\app\\allorders"
2025-09-17T21:49:17.736757Z  INFO get_globs:scan_sources: tailwindcss_oxide::scanner: Discovering "G:\\Brave Downloads\\SuperShop-main(rawan hossam)\\SuperShop-main\\src\\app\\api"
2025-09-17T21:49:17.738172Z  INFO get_globs:scan_sources: tailwindcss_oxide::scanner: Discovering "G:\\Brave Downloads\\SuperShop-main(rawan hossam)\\SuperShop-main\\src\\app\\api\\auth"
2025-09-17T21:49:17.739004Z  INFO get_globs:scan_sources: tailwindcss_oxide::scanner: Discovering "G:\\Brave Downloads\\SuperShop-main(rawan hossam)\\SuperShop-main\\src\\app\\api\\auth\\[...nextauth]"
2025-09-17T21:49:17.740422Z  INFO get_globs:scan_sources: tailwindcss_oxide::scanner: Discovering "G:\\Brave Downloads\\SuperShop-main(rawan hossam)\\SuperShop-main\\src\\app\\brands"
2025-09-17T21:49:17.741472Z  INFO get_globs:scan_sources: tailwindcss_oxide::scanner: Discovering "G:\\Brave Downloads\\SuperShop-main(rawan hossam)\\SuperShop-main\\src\\app\\cart"
2025-09-17T21:49:17.742030Z  INFO get_globs:scan_sources: tailwindcss_oxide::scanner: Discovering "G:\\Brave Downloads\\SuperShop-main(rawan hossam)\\SuperShop-main\\src\\app\\categories"
2025-09-17T21:49:17.742517Z  INFO get_globs:scan_sources: tailwindcss_oxide::scanner: Discovering "G:\\Brave Downloads\\SuperShop-main(rawan hossam)\\SuperShop-main\\src\\app\\categories\\[id]"
2025-09-17T21:49:17.744227Z  INFO get_globs:scan_sources: tailwindcss_oxide::scanner: Discovering "G:\\Brave Downloads\\SuperShop-main(rawan hossam)\\SuperShop-main\\src\\app\\checkout"
2025-09-17T21:49:17.745039Z  INFO get_globs:scan_sources: tailwindcss_oxide::scanner: Discovering "G:\\Brave Downloads\\SuperShop-main(rawan hossam)\\SuperShop-main\\src\\app\\context"
2025-09-17T21:49:17.748002Z  INFO get_globs:scan_sources: tailwindcss_oxide::scanner: Discovering "G:\\Brave Downloads\\SuperShop-main(rawan hossam)\\SuperShop-main\\src\\app\\products"
2025-09-17T21:49:17.750540Z  INFO get_globs:scan_sources: tailwindcss_oxide::scanner: Discovering "G:\\Brave Downloads\\SuperShop-main(rawan hossam)\\SuperShop-main\\src\\app\\products\\[id]"
2025-09-17T21:49:17.751448Z  INFO get_globs:scan_sources: tailwindcss_oxide::scanner: Discovering "G:\\Brave Downloads\\SuperShop-main(rawan hossam)\\SuperShop-main\\src\\app\\types"
2025-09-17T21:49:17.753766Z  INFO get_globs:scan_sources: tailwindcss_oxide::scanner: Discovering "G:\\Brave Downloads\\SuperShop-main(rawan hossam)\\SuperShop-main\\src\\app\\wishlist"
2025-09-17T21:49:17.754459Z  INFO get_globs:scan_sources: tailwindcss_oxide::scanner: Discovering "G:\\Brave Downloads\\SuperShop-main(rawan hossam)\\SuperShop-main\\src\\components"
2025-09-17T21:49:17.754879Z  INFO get_globs:scan_sources: tailwindcss_oxide::scanner: Discovering "G:\\Brave Downloads\\SuperShop-main(rawan hossam)\\SuperShop-main\\src\\components\\brands-comps"
2025-09-17T21:49:17.756680Z  INFO get_globs:scan_sources: tailwindcss_oxide::scanner: Discovering "G:\\Brave Downloads\\SuperShop-main(rawan hossam)\\SuperShop-main\\src\\components\\cart-comps"
2025-09-17T21:49:17.757739Z  INFO get_globs:scan_sources: tailwindcss_oxide::scanner: Discovering "G:\\Brave Downloads\\SuperShop-main(rawan hossam)\\SuperShop-main\\src\\components\\categories-comps"
2025-09-17T21:49:17.759055Z  INFO get_globs:scan_sources: tailwindcss_oxide::scanner: Discovering "G:\\Brave Downloads\\SuperShop-main(rawan hossam)\\SuperShop-main\\src\\components\\footer"
2025-09-17T21:49:17.759777Z  INFO get_globs:scan_sources: tailwindcss_oxide::scanner: Discovering "G:\\Brave Downloads\\SuperShop-main(rawan hossam)\\SuperShop-main\\src\\components\\nav-comps"
2025-09-17T21:49:17.760441Z  INFO get_globs:scan_sources: tailwindcss_oxide::scanner: Discovering "G:\\Brave Downloads\\SuperShop-main(rawan hossam)\\SuperShop-main\\src\\components\\products-comps"
2025-09-17T21:49:17.762035Z  INFO get_globs:scan_sources: tailwindcss_oxide::scanner: Discovering "G:\\Brave Downloads\\SuperShop-main(rawan hossam)\\SuperShop-main\\src\\components\\slider-comps"
2025-09-17T21:49:17.762935Z  INFO get_globs:scan_sources: tailwindcss_oxide::scanner: Discovering "G:\\Brave Downloads\\SuperShop-main(rawan hossam)\\SuperShop-main\\src\\components\\ui"
2025-09-17T21:49:17.765023Z  INFO get_globs:scan_sources: tailwindcss_oxide::scanner: Discovering "G:\\Brave Downloads\\SuperShop-main(rawan hossam)\\SuperShop-main\\src\\components\\wishlist-comps"
2025-09-17T21:49:17.766144Z  INFO get_globs:scan_sources: tailwindcss_oxide::scanner: Discovering "G:\\Brave Downloads\\SuperShop-main(rawan hossam)\\SuperShop-main\\src\\lib"
2025-09-17T21:49:17.766857Z  INFO get_globs:scan_sources: tailwindcss_oxide::scanner: exit
2025-09-17T21:49:17.801541Z  INFO get_globs: tailwindcss_oxide::scanner: exit
2025-09-17T21:49:21.595757Z  INFO tailwindcss_oxide::scanner: Provided sources:
2025-09-17T21:49:21.595785Z  INFO tailwindcss_oxide::scanner: Source: PublicSourceEntry { base: "g:\\Brave Downloads\\SuperShop-main(rawan hossam)\\SuperShop-main", pattern: "**/*", negated: false }
2025-09-17T21:49:21.595965Z  INFO tailwindcss_oxide::scanner: Optimized sources:
2025-09-17T21:49:21.595975Z  INFO tailwindcss_oxide::scanner: Source: Auto { base: "G:\\Brave Downloads\\SuperShop-main(rawan hossam)\\SuperShop-main" }
2025-09-17T21:49:21.596147Z  INFO get_files: tailwindcss_oxide::scanner: enter
2025-09-17T21:49:21.596159Z  INFO get_files:scan_sources: tailwindcss_oxide::scanner: enter
2025-09-17T21:49:21.600293Z  INFO get_files:scan_sources: tailwindcss_oxide::scanner: Discovering "G:\\Brave Downloads\\SuperShop-main(rawan hossam)\\SuperShop-main\\.vscode"
2025-09-17T21:49:21.600733Z  INFO get_files:scan_sources: tailwindcss_oxide::scanner: Discovering "G:\\Brave Downloads\\SuperShop-main(rawan hossam)\\SuperShop-main\\.vscode\\settings.json"
2025-09-17T21:49:21.600963Z  INFO get_files:scan_sources: tailwindcss_oxide::scanner: Discovering "G:\\Brave Downloads\\SuperShop-main(rawan hossam)\\SuperShop-main\\components.json"
2025-09-17T21:49:21.601183Z  INFO get_files:scan_sources: tailwindcss_oxide::scanner: Discovering "G:\\Brave Downloads\\SuperShop-main(rawan hossam)\\SuperShop-main\\eslint.config.mjs"
2025-09-17T21:49:21.601390Z  INFO get_files:scan_sources: tailwindcss_oxide::scanner: Discovering "G:\\Brave Downloads\\SuperShop-main(rawan hossam)\\SuperShop-main\\next.config.ts"
2025-09-17T21:49:21.602062Z  INFO get_files:scan_sources: tailwindcss_oxide::scanner: Discovering "G:\\Brave Downloads\\SuperShop-main(rawan hossam)\\SuperShop-main\\package.json"
2025-09-17T21:49:21.602278Z  INFO get_files:scan_sources: tailwindcss_oxide::scanner: Discovering "G:\\Brave Downloads\\SuperShop-main(rawan hossam)\\SuperShop-main\\postcss.config.mjs"
2025-09-17T21:49:21.602668Z  INFO get_files:scan_sources: tailwindcss_oxide::scanner: Discovering "G:\\Brave Downloads\\SuperShop-main(rawan hossam)\\SuperShop-main\\public"
2025-09-17T21:49:21.603268Z  INFO get_files:scan_sources: tailwindcss_oxide::scanner: Discovering "G:\\Brave Downloads\\SuperShop-main(rawan hossam)\\SuperShop-main\\public\\download.svg"
2025-09-17T21:49:21.603553Z  INFO get_files:scan_sources: tailwindcss_oxide::scanner: Discovering "G:\\Brave Downloads\\SuperShop-main(rawan hossam)\\SuperShop-main\\public\\file.svg"
2025-09-17T21:49:21.603794Z  INFO get_files:scan_sources: tailwindcss_oxide::scanner: Discovering "G:\\Brave Downloads\\SuperShop-main(rawan hossam)\\SuperShop-main\\public\\globe.svg"
2025-09-17T21:49:21.604153Z  INFO get_files:scan_sources: tailwindcss_oxide::scanner: Discovering "G:\\Brave Downloads\\SuperShop-main(rawan hossam)\\SuperShop-main\\public\\next.svg"
2025-09-17T21:49:21.604642Z  INFO get_files:scan_sources: tailwindcss_oxide::scanner: Discovering "G:\\Brave Downloads\\SuperShop-main(rawan hossam)\\SuperShop-main\\public\\slider"
2025-09-17T21:49:21.605293Z  INFO get_files:scan_sources: tailwindcss_oxide::scanner: Discovering "G:\\Brave Downloads\\SuperShop-main(rawan hossam)\\SuperShop-main\\public\\vercel.svg"
2025-09-17T21:49:21.605500Z  INFO get_files:scan_sources: tailwindcss_oxide::scanner: Discovering "G:\\Brave Downloads\\SuperShop-main(rawan hossam)\\SuperShop-main\\public\\window.svg"
2025-09-17T21:49:21.605747Z  INFO get_files:scan_sources: tailwindcss_oxide::scanner: Discovering "G:\\Brave Downloads\\SuperShop-main(rawan hossam)\\SuperShop-main\\README.md"
2025-09-17T21:49:21.606260Z  INFO get_files:scan_sources: tailwindcss_oxide::scanner: Discovering "G:\\Brave Downloads\\SuperShop-main(rawan hossam)\\SuperShop-main\\src"
2025-09-17T21:49:21.606958Z  INFO get_files:scan_sources: tailwindcss_oxide::scanner: Discovering "G:\\Brave Downloads\\SuperShop-main(rawan hossam)\\SuperShop-main\\src\\app"
2025-09-17T21:49:21.608289Z  INFO get_files:scan_sources: tailwindcss_oxide::scanner: Discovering "G:\\Brave Downloads\\SuperShop-main(rawan hossam)\\SuperShop-main\\src\\app\\(auth)"
2025-09-17T21:49:21.612558Z  INFO get_files:scan_sources: tailwindcss_oxide::scanner: Discovering "G:\\Brave Downloads\\SuperShop-main(rawan hossam)\\SuperShop-main\\src\\app\\(auth)\\forgetpassword"
2025-09-17T21:49:21.613759Z  INFO get_files:scan_sources: tailwindcss_oxide::scanner: Discovering "G:\\Brave Downloads\\SuperShop-main(rawan hossam)\\SuperShop-main\\src\\app\\(auth)\\forgetpassword\\page.tsx"
2025-09-17T21:49:21.614142Z  INFO get_files:scan_sources: tailwindcss_oxide::scanner: Discovering "G:\\Brave Downloads\\SuperShop-main(rawan hossam)\\SuperShop-main\\src\\app\\(auth)\\register"
2025-09-17T21:49:21.614674Z  INFO get_files:scan_sources: tailwindcss_oxide::scanner: Discovering "G:\\Brave Downloads\\SuperShop-main(rawan hossam)\\SuperShop-main\\src\\app\\(auth)\\register\\page.tsx"
2025-09-17T21:49:21.615037Z  INFO get_files:scan_sources: tailwindcss_oxide::scanner: Discovering "G:\\Brave Downloads\\SuperShop-main(rawan hossam)\\SuperShop-main\\src\\app\\(auth)\\resetcode"
2025-09-17T21:49:21.615625Z  INFO get_files:scan_sources: tailwindcss_oxide::scanner: Discovering "G:\\Brave Downloads\\SuperShop-main(rawan hossam)\\SuperShop-main\\src\\app\\(auth)\\resetcode\\page.tsx"
2025-09-17T21:49:21.617833Z  INFO get_files:scan_sources: tailwindcss_oxide::scanner: Discovering "G:\\Brave Downloads\\SuperShop-main(rawan hossam)\\SuperShop-main\\src\\app\\(auth)\\resetpassword"
2025-09-17T21:49:21.618560Z  INFO get_files:scan_sources: tailwindcss_oxide::scanner: Discovering "G:\\Brave Downloads\\SuperShop-main(rawan hossam)\\SuperShop-main\\src\\app\\(auth)\\resetpassword\\page.tsx"
2025-09-17T21:49:21.619198Z  INFO get_files:scan_sources: tailwindcss_oxide::scanner: Discovering "G:\\Brave Downloads\\SuperShop-main(rawan hossam)\\SuperShop-main\\src\\app\\(auth)\\signin"
2025-09-17T21:49:21.619775Z  INFO get_files:scan_sources: tailwindcss_oxide::scanner: Discovering "G:\\Brave Downloads\\SuperShop-main(rawan hossam)\\SuperShop-main\\src\\app\\(auth)\\signin\\page.tsx"
2025-09-17T21:49:21.620457Z  INFO get_files:scan_sources: tailwindcss_oxide::scanner: Discovering "G:\\Brave Downloads\\SuperShop-main(rawan hossam)\\SuperShop-main\\src\\app\\actions"
2025-09-17T21:49:21.621019Z  INFO get_files:scan_sources: tailwindcss_oxide::scanner: Discovering "G:\\Brave Downloads\\SuperShop-main(rawan hossam)\\SuperShop-main\\src\\app\\actions\\brands.action.ts"
2025-09-17T21:49:21.621223Z  INFO get_files:scan_sources: tailwindcss_oxide::scanner: Discovering "G:\\Brave Downloads\\SuperShop-main(rawan hossam)\\SuperShop-main\\src\\app\\actions\\cart.action.ts"
2025-09-17T21:49:21.621789Z  INFO get_files:scan_sources: tailwindcss_oxide::scanner: Discovering "G:\\Brave Downloads\\SuperShop-main(rawan hossam)\\SuperShop-main\\src\\app\\actions\\categories.action.ts"
2025-09-17T21:49:21.622915Z  INFO get_files:scan_sources: tailwindcss_oxide::scanner: Discovering "G:\\Brave Downloads\\SuperShop-main(rawan hossam)\\SuperShop-main\\src\\app\\actions\\payment.action.ts"
2025-09-17T21:49:21.623390Z  INFO get_files:scan_sources: tailwindcss_oxide::scanner: Discovering "G:\\Brave Downloads\\SuperShop-main(rawan hossam)\\SuperShop-main\\src\\app\\actions\\products.action.ts"
2025-09-17T21:49:21.623596Z  INFO get_files:scan_sources: tailwindcss_oxide::scanner: Discovering "G:\\Brave Downloads\\SuperShop-main(rawan hossam)\\SuperShop-main\\src\\app\\actions\\wishlist.action.ts"
2025-09-17T21:49:21.624008Z  INFO get_files:scan_sources: tailwindcss_oxide::scanner: Discovering "G:\\Brave Downloads\\SuperShop-main(rawan hossam)\\SuperShop-main\\src\\app\\allorders"
2025-09-17T21:49:21.624559Z  INFO get_files:scan_sources: tailwindcss_oxide::scanner: Discovering "G:\\Brave Downloads\\SuperShop-main(rawan hossam)\\SuperShop-main\\src\\app\\allorders\\page.tsx"
2025-09-17T21:49:21.624936Z  INFO get_files:scan_sources: tailwindcss_oxide::scanner: Discovering "G:\\Brave Downloads\\SuperShop-main(rawan hossam)\\SuperShop-main\\src\\app\\api"
2025-09-17T21:49:21.625477Z  INFO get_files:scan_sources: tailwindcss_oxide::scanner: Discovering "G:\\Brave Downloads\\SuperShop-main(rawan hossam)\\SuperShop-main\\src\\app\\api\\auth"
2025-09-17T21:49:21.626398Z  INFO get_files:scan_sources: tailwindcss_oxide::scanner: Discovering "G:\\Brave Downloads\\SuperShop-main(rawan hossam)\\SuperShop-main\\src\\app\\api\\auth\\[...nextauth]"
2025-09-17T21:49:21.627104Z  INFO get_files:scan_sources: tailwindcss_oxide::scanner: Discovering "G:\\Brave Downloads\\SuperShop-main(rawan hossam)\\SuperShop-main\\src\\app\\api\\auth\\[...nextauth]\\route.ts"
2025-09-17T21:49:21.630918Z  INFO get_files:scan_sources: tailwindcss_oxide::scanner: Discovering "G:\\Brave Downloads\\SuperShop-main(rawan hossam)\\SuperShop-main\\src\\app\\brands"
2025-09-17T21:49:21.631399Z  INFO get_files:scan_sources: tailwindcss_oxide::scanner: Discovering "G:\\Brave Downloads\\SuperShop-main(rawan hossam)\\SuperShop-main\\src\\app\\brands\\page.tsx"
2025-09-17T21:49:21.631775Z  INFO get_files:scan_sources: tailwindcss_oxide::scanner: Discovering "G:\\Brave Downloads\\SuperShop-main(rawan hossam)\\SuperShop-main\\src\\app\\cart"
2025-09-17T21:49:21.632204Z  INFO get_files:scan_sources: tailwindcss_oxide::scanner: Discovering "G:\\Brave Downloads\\SuperShop-main(rawan hossam)\\SuperShop-main\\src\\app\\cart\\page.tsx"
2025-09-17T21:49:21.634677Z  INFO get_files:scan_sources: tailwindcss_oxide::scanner: Discovering "G:\\Brave Downloads\\SuperShop-main(rawan hossam)\\SuperShop-main\\src\\app\\categories"
2025-09-17T21:49:21.635868Z  INFO get_files:scan_sources: tailwindcss_oxide::scanner: Discovering "G:\\Brave Downloads\\SuperShop-main(rawan hossam)\\SuperShop-main\\src\\app\\categories\\page.tsx"
2025-09-17T21:49:21.636536Z  INFO get_files:scan_sources: tailwindcss_oxide::scanner: Discovering "G:\\Brave Downloads\\SuperShop-main(rawan hossam)\\SuperShop-main\\src\\app\\categories\\[id]"
2025-09-17T21:49:21.637027Z  INFO get_files:scan_sources: tailwindcss_oxide::scanner: Discovering "G:\\Brave Downloads\\SuperShop-main(rawan hossam)\\SuperShop-main\\src\\app\\categories\\[id]\\page.tsx"
2025-09-17T21:49:21.637590Z  INFO get_files:scan_sources: tailwindcss_oxide::scanner: Discovering "G:\\Brave Downloads\\SuperShop-main(rawan hossam)\\SuperShop-main\\src\\app\\checkout"
2025-09-17T21:49:21.638037Z  INFO get_files:scan_sources: tailwindcss_oxide::scanner: Discovering "G:\\Brave Downloads\\SuperShop-main(rawan hossam)\\SuperShop-main\\src\\app\\checkout\\page.tsx"
2025-09-17T21:49:21.638380Z  INFO get_files:scan_sources: tailwindcss_oxide::scanner: Discovering "G:\\Brave Downloads\\SuperShop-main(rawan hossam)\\SuperShop-main\\src\\app\\context"
2025-09-17T21:49:21.638776Z  INFO get_files:scan_sources: tailwindcss_oxide::scanner: Discovering "G:\\Brave Downloads\\SuperShop-main(rawan hossam)\\SuperShop-main\\src\\app\\context\\AuthProvider.tsx"
2025-09-17T21:49:21.638996Z  INFO get_files:scan_sources: tailwindcss_oxide::scanner: Discovering "G:\\Brave Downloads\\SuperShop-main(rawan hossam)\\SuperShop-main\\src\\app\\context\\CartProvider.tsx"
2025-09-17T21:49:21.639183Z  INFO get_files:scan_sources: tailwindcss_oxide::scanner: Discovering "G:\\Brave Downloads\\SuperShop-main(rawan hossam)\\SuperShop-main\\src\\app\\context\\WishlistProvider.tsx"
2025-09-17T21:49:21.639393Z  INFO get_files:scan_sources: tailwindcss_oxide::scanner: Discovering "G:\\Brave Downloads\\SuperShop-main(rawan hossam)\\SuperShop-main\\src\\app\\globals.css"
2025-09-17T21:49:21.639577Z  INFO get_files:scan_sources: tailwindcss_oxide::scanner: Discovering "G:\\Brave Downloads\\SuperShop-main(rawan hossam)\\SuperShop-main\\src\\app\\layout.tsx"
2025-09-17T21:49:21.639794Z  INFO get_files:scan_sources: tailwindcss_oxide::scanner: Discovering "G:\\Brave Downloads\\SuperShop-main(rawan hossam)\\SuperShop-main\\src\\app\\loading.tsx"
2025-09-17T21:49:21.640022Z  INFO get_files:scan_sources: tailwindcss_oxide::scanner: Discovering "G:\\Brave Downloads\\SuperShop-main(rawan hossam)\\SuperShop-main\\src\\app\\not-found.tsx"
2025-09-17T21:49:21.640340Z  INFO get_files:scan_sources: tailwindcss_oxide::scanner: Discovering "G:\\Brave Downloads\\SuperShop-main(rawan hossam)\\SuperShop-main\\src\\app\\page.tsx"
2025-09-17T21:49:21.641235Z  INFO get_files:scan_sources: tailwindcss_oxide::scanner: Discovering "G:\\Brave Downloads\\SuperShop-main(rawan hossam)\\SuperShop-main\\src\\app\\products"
2025-09-17T21:49:21.641855Z  INFO get_files:scan_sources: tailwindcss_oxide::scanner: Discovering "G:\\Brave Downloads\\SuperShop-main(rawan hossam)\\SuperShop-main\\src\\app\\products\\loading.tsx"
2025-09-17T21:49:21.642036Z  INFO get_files:scan_sources: tailwindcss_oxide::scanner: Discovering "G:\\Brave Downloads\\SuperShop-main(rawan hossam)\\SuperShop-main\\src\\app\\products\\page.tsx"
2025-09-17T21:49:21.642374Z  INFO get_files:scan_sources: tailwindcss_oxide::scanner: Discovering "G:\\Brave Downloads\\SuperShop-main(rawan hossam)\\SuperShop-main\\src\\app\\products\\[id]"
2025-09-17T21:49:21.642898Z  INFO get_files:scan_sources: tailwindcss_oxide::scanner: Discovering "G:\\Brave Downloads\\SuperShop-main(rawan hossam)\\SuperShop-main\\src\\app\\products\\[id]\\page.tsx"
2025-09-17T21:49:21.643703Z  INFO get_files:scan_sources: tailwindcss_oxide::scanner: Discovering "G:\\Brave Downloads\\SuperShop-main(rawan hossam)\\SuperShop-main\\src\\app\\types"
2025-09-17T21:49:21.644210Z  INFO get_files:scan_sources: tailwindcss_oxide::scanner: Discovering "G:\\Brave Downloads\\SuperShop-main(rawan hossam)\\SuperShop-main\\src\\app\\types\\brands.model.ts"
2025-09-17T21:49:21.644423Z  INFO get_files:scan_sources: tailwindcss_oxide::scanner: Discovering "G:\\Brave Downloads\\SuperShop-main(rawan hossam)\\SuperShop-main\\src\\app\\types\\cart.model.ts"
2025-09-17T21:49:21.644625Z  INFO get_files:scan_sources: tailwindcss_oxide::scanner: Discovering "G:\\Brave Downloads\\SuperShop-main(rawan hossam)\\SuperShop-main\\src\\app\\types\\category.model.ts"
2025-09-17T21:49:21.644814Z  INFO get_files:scan_sources: tailwindcss_oxide::scanner: Discovering "G:\\Brave Downloads\\SuperShop-main(rawan hossam)\\SuperShop-main\\src\\app\\types\\forgetpassword.model.ts"
2025-09-17T21:49:21.645058Z  INFO get_files:scan_sources: tailwindcss_oxide::scanner: Discovering "G:\\Brave Downloads\\SuperShop-main(rawan hossam)\\SuperShop-main\\src\\app\\types\\productDetails.model.ts"
2025-09-17T21:49:21.645242Z  INFO get_files:scan_sources: tailwindcss_oxide::scanner: Discovering "G:\\Brave Downloads\\SuperShop-main(rawan hossam)\\SuperShop-main\\src\\app\\types\\products.model.ts"
2025-09-17T21:49:21.645444Z  INFO get_files:scan_sources: tailwindcss_oxide::scanner: Discovering "G:\\Brave Downloads\\SuperShop-main(rawan hossam)\\SuperShop-main\\src\\app\\types\\wishlist.model.ts"
2025-09-17T21:49:21.646045Z  INFO get_files:scan_sources: tailwindcss_oxide::scanner: Discovering "G:\\Brave Downloads\\SuperShop-main(rawan hossam)\\SuperShop-main\\src\\app\\wishlist"
2025-09-17T21:49:21.646489Z  INFO get_files:scan_sources: tailwindcss_oxide::scanner: Discovering "G:\\Brave Downloads\\SuperShop-main(rawan hossam)\\SuperShop-main\\src\\app\\wishlist\\page.tsx"
2025-09-17T21:49:21.648470Z  INFO get_files:scan_sources: tailwindcss_oxide::scanner: Discovering "G:\\Brave Downloads\\SuperShop-main(rawan hossam)\\SuperShop-main\\src\\components"
2025-09-17T21:49:21.650039Z  INFO get_files:scan_sources: tailwindcss_oxide::scanner: Discovering "G:\\Brave Downloads\\SuperShop-main(rawan hossam)\\SuperShop-main\\src\\components\\brands-comps"
2025-09-17T21:49:21.650715Z  INFO get_files:scan_sources: tailwindcss_oxide::scanner: Discovering "G:\\Brave Downloads\\SuperShop-main(rawan hossam)\\SuperShop-main\\src\\components\\brands-comps\\BrandCard.tsx"
2025-09-17T21:49:21.650916Z  INFO get_files:scan_sources: tailwindcss_oxide::scanner: Discovering "G:\\Brave Downloads\\SuperShop-main(rawan hossam)\\SuperShop-main\\src\\components\\brands-comps\\BrandGridSystem.tsx"
2025-09-17T21:49:21.651306Z  INFO get_files:scan_sources: tailwindcss_oxide::scanner: Discovering "G:\\Brave Downloads\\SuperShop-main(rawan hossam)\\SuperShop-main\\src\\components\\cart-comps"
2025-09-17T21:49:21.651726Z  INFO get_files:scan_sources: tailwindcss_oxide::scanner: Discovering "G:\\Brave Downloads\\SuperShop-main(rawan hossam)\\SuperShop-main\\src\\components\\cart-comps\\TableCart.tsx"
2025-09-17T21:49:21.652283Z  INFO get_files:scan_sources: tailwindcss_oxide::scanner: Discovering "G:\\Brave Downloads\\SuperShop-main(rawan hossam)\\SuperShop-main\\src\\components\\categories-comps"
2025-09-17T21:49:21.652894Z  INFO get_files:scan_sources: tailwindcss_oxide::scanner: Discovering "G:\\Brave Downloads\\SuperShop-main(rawan hossam)\\SuperShop-main\\src\\components\\categories-comps\\CategoriesCard.tsx"
2025-09-17T21:49:21.653228Z  INFO get_files:scan_sources: tailwindcss_oxide::scanner: Discovering "G:\\Brave Downloads\\SuperShop-main(rawan hossam)\\SuperShop-main\\src\\components\\categories-comps\\CategoriesGridSystem.tsx"
2025-09-17T21:49:21.653630Z  INFO get_files:scan_sources: tailwindcss_oxide::scanner: Discovering "G:\\Brave Downloads\\SuperShop-main(rawan hossam)\\SuperShop-main\\src\\components\\footer"
2025-09-17T21:49:21.654038Z  INFO get_files:scan_sources: tailwindcss_oxide::scanner: Discovering "G:\\Brave Downloads\\SuperShop-main(rawan hossam)\\SuperShop-main\\src\\components\\footer\\Footer.tsx"
2025-09-17T21:49:21.654375Z  INFO get_files:scan_sources: tailwindcss_oxide::scanner: Discovering "G:\\Brave Downloads\\SuperShop-main(rawan hossam)\\SuperShop-main\\src\\components\\nav-comps"
2025-09-17T21:49:21.654817Z  INFO get_files:scan_sources: tailwindcss_oxide::scanner: Discovering "G:\\Brave Downloads\\SuperShop-main(rawan hossam)\\SuperShop-main\\src\\components\\nav-comps\\Navbar.tsx"
2025-09-17T21:49:21.655389Z  INFO get_files:scan_sources: tailwindcss_oxide::scanner: Discovering "G:\\Brave Downloads\\SuperShop-main(rawan hossam)\\SuperShop-main\\src\\components\\products-comps"
2025-09-17T21:49:21.655934Z  INFO get_files:scan_sources: tailwindcss_oxide::scanner: Discovering "G:\\Brave Downloads\\SuperShop-main(rawan hossam)\\SuperShop-main\\src\\components\\products-comps\\ProductCard.tsx"
2025-09-17T21:49:21.656255Z  INFO get_files:scan_sources: tailwindcss_oxide::scanner: Discovering "G:\\Brave Downloads\\SuperShop-main(rawan hossam)\\SuperShop-main\\src\\components\\products-comps\\ProductDetailsComps.tsx"
2025-09-17T21:49:21.656469Z  INFO get_files:scan_sources: tailwindcss_oxide::scanner: Discovering "G:\\Brave Downloads\\SuperShop-main(rawan hossam)\\SuperShop-main\\src\\components\\products-comps\\ProductsGridSystem.tsx"
2025-09-17T21:49:21.657126Z  INFO get_files:scan_sources: tailwindcss_oxide::scanner: Discovering "G:\\Brave Downloads\\SuperShop-main(rawan hossam)\\SuperShop-main\\src\\components\\slider-comps"
2025-09-17T21:49:21.657847Z  INFO get_files:scan_sources: tailwindcss_oxide::scanner: Discovering "G:\\Brave Downloads\\SuperShop-main(rawan hossam)\\SuperShop-main\\src\\components\\slider-comps\\CategoriesSliderComps.tsx"
2025-09-17T21:49:21.658143Z  INFO get_files:scan_sources: tailwindcss_oxide::scanner: Discovering "G:\\Brave Downloads\\SuperShop-main(rawan hossam)\\SuperShop-main\\src\\components\\slider-comps\\MainSlider.tsx"
2025-09-17T21:49:21.658521Z  INFO get_files:scan_sources: tailwindcss_oxide::scanner: Discovering "G:\\Brave Downloads\\SuperShop-main(rawan hossam)\\SuperShop-main\\src\\components\\ui"
2025-09-17T21:49:21.659143Z  INFO get_files:scan_sources: tailwindcss_oxide::scanner: Discovering "G:\\Brave Downloads\\SuperShop-main(rawan hossam)\\SuperShop-main\\src\\components\\ui\\badge.tsx"
2025-09-17T21:49:21.659382Z  INFO get_files:scan_sources: tailwindcss_oxide::scanner: Discovering "G:\\Brave Downloads\\SuperShop-main(rawan hossam)\\SuperShop-main\\src\\components\\ui\\button.tsx"
2025-09-17T21:49:21.659743Z  INFO get_files:scan_sources: tailwindcss_oxide::scanner: Discovering "G:\\Brave Downloads\\SuperShop-main(rawan hossam)\\SuperShop-main\\src\\components\\ui\\card.tsx"
2025-09-17T21:49:21.660042Z  INFO get_files:scan_sources: tailwindcss_oxide::scanner: Discovering "G:\\Brave Downloads\\SuperShop-main(rawan hossam)\\SuperShop-main\\src\\components\\ui\\hover-card.tsx"
2025-09-17T21:49:21.660412Z  INFO get_files:scan_sources: tailwindcss_oxide::scanner: Discovering "G:\\Brave Downloads\\SuperShop-main(rawan hossam)\\SuperShop-main\\src\\components\\ui\\input-otp.tsx"
2025-09-17T21:49:21.660869Z  INFO get_files:scan_sources: tailwindcss_oxide::scanner: Discovering "G:\\Brave Downloads\\SuperShop-main(rawan hossam)\\SuperShop-main\\src\\components\\ui\\input.tsx"
2025-09-17T21:49:21.661189Z  INFO get_files:scan_sources: tailwindcss_oxide::scanner: Discovering "G:\\Brave Downloads\\SuperShop-main(rawan hossam)\\SuperShop-main\\src\\components\\ui\\label.tsx"
2025-09-17T21:49:21.661490Z  INFO get_files:scan_sources: tailwindcss_oxide::scanner: Discovering "G:\\Brave Downloads\\SuperShop-main(rawan hossam)\\SuperShop-main\\src\\components\\ui\\navigation-menu.tsx"
2025-09-17T21:49:21.661726Z  INFO get_files:scan_sources: tailwindcss_oxide::scanner: Discovering "G:\\Brave Downloads\\SuperShop-main(rawan hossam)\\SuperShop-main\\src\\components\\ui\\radio-group.tsx"
2025-09-17T21:49:21.661906Z  INFO get_files:scan_sources: tailwindcss_oxide::scanner: Discovering "G:\\Brave Downloads\\SuperShop-main(rawan hossam)\\SuperShop-main\\src\\components\\ui\\table.tsx"
2025-09-17T21:49:21.662270Z  INFO get_files:scan_sources: tailwindcss_oxide::scanner: Discovering "G:\\Brave Downloads\\SuperShop-main(rawan hossam)\\SuperShop-main\\src\\components\\wishlist-comps"
2025-09-17T21:49:21.662678Z  INFO get_files:scan_sources: tailwindcss_oxide::scanner: Discovering "G:\\Brave Downloads\\SuperShop-main(rawan hossam)\\SuperShop-main\\src\\components\\wishlist-comps\\TableWishlist.tsx"
2025-09-17T21:49:21.662855Z  INFO get_files:scan_sources: tailwindcss_oxide::scanner: Discovering "G:\\Brave Downloads\\SuperShop-main(rawan hossam)\\SuperShop-main\\src\\components\\wishlist-comps\\WishlistCard.tsx"
2025-09-17T21:49:21.663243Z  INFO get_files:scan_sources: tailwindcss_oxide::scanner: Discovering "G:\\Brave Downloads\\SuperShop-main(rawan hossam)\\SuperShop-main\\src\\lib"
2025-09-17T21:49:21.663657Z  INFO get_files:scan_sources: tailwindcss_oxide::scanner: Discovering "G:\\Brave Downloads\\SuperShop-main(rawan hossam)\\SuperShop-main\\src\\lib\\tokenutils.ts"
2025-09-17T21:49:21.663855Z  INFO get_files:scan_sources: tailwindcss_oxide::scanner: Discovering "G:\\Brave Downloads\\SuperShop-main(rawan hossam)\\SuperShop-main\\src\\lib\\utils.ts"
2025-09-17T21:49:21.664174Z  INFO get_files:scan_sources: tailwindcss_oxide::scanner: Discovering "G:\\Brave Downloads\\SuperShop-main(rawan hossam)\\SuperShop-main\\src\\middleware.ts"
2025-09-17T21:49:21.664558Z  INFO get_files:scan_sources: tailwindcss_oxide::scanner: Discovering "G:\\Brave Downloads\\SuperShop-main(rawan hossam)\\SuperShop-main\\tsconfig.json"
2025-09-17T21:49:21.664844Z  INFO get_files:scan_sources: tailwindcss_oxide::scanner: exit
2025-09-17T21:49:21.666958Z  INFO get_files: tailwindcss_oxide::scanner: exit
2025-09-17T21:49:21.667074Z  INFO get_globs: tailwindcss_oxide::scanner: enter
2025-09-17T21:49:21.667082Z  INFO get_globs:scan_sources: tailwindcss_oxide::scanner: enter
2025-09-17T21:49:21.671508Z  INFO get_globs:scan_sources: tailwindcss_oxide::scanner: Discovering "G:\\Brave Downloads\\SuperShop-main(rawan hossam)\\SuperShop-main\\.vscode"
2025-09-17T21:49:21.674177Z  INFO get_globs:scan_sources: tailwindcss_oxide::scanner: Discovering "G:\\Brave Downloads\\SuperShop-main(rawan hossam)\\SuperShop-main\\public"
2025-09-17T21:49:21.675245Z  INFO get_globs:scan_sources: tailwindcss_oxide::scanner: Discovering "G:\\Brave Downloads\\SuperShop-main(rawan hossam)\\SuperShop-main\\public\\slider"
2025-09-17T21:49:21.676948Z  INFO get_globs:scan_sources: tailwindcss_oxide::scanner: Discovering "G:\\Brave Downloads\\SuperShop-main(rawan hossam)\\SuperShop-main\\src"
2025-09-17T21:49:21.677609Z  INFO get_globs:scan_sources: tailwindcss_oxide::scanner: Discovering "G:\\Brave Downloads\\SuperShop-main(rawan hossam)\\SuperShop-main\\src\\app"
2025-09-17T21:49:21.678529Z  INFO get_globs:scan_sources: tailwindcss_oxide::scanner: Discovering "G:\\Brave Downloads\\SuperShop-main(rawan hossam)\\SuperShop-main\\src\\app\\(auth)"
2025-09-17T21:49:21.679636Z  INFO get_globs:scan_sources: tailwindcss_oxide::scanner: Discovering "G:\\Brave Downloads\\SuperShop-main(rawan hossam)\\SuperShop-main\\src\\app\\(auth)\\forgetpassword"
2025-09-17T21:49:21.680424Z  INFO get_globs:scan_sources: tailwindcss_oxide::scanner: Discovering "G:\\Brave Downloads\\SuperShop-main(rawan hossam)\\SuperShop-main\\src\\app\\(auth)\\register"
2025-09-17T21:49:21.681307Z  INFO get_globs:scan_sources: tailwindcss_oxide::scanner: Discovering "G:\\Brave Downloads\\SuperShop-main(rawan hossam)\\SuperShop-main\\src\\app\\(auth)\\resetcode"
2025-09-17T21:49:21.682079Z  INFO get_globs:scan_sources: tailwindcss_oxide::scanner: Discovering "G:\\Brave Downloads\\SuperShop-main(rawan hossam)\\SuperShop-main\\src\\app\\(auth)\\resetpassword"
2025-09-17T21:49:21.683334Z  INFO get_globs:scan_sources: tailwindcss_oxide::scanner: Discovering "G:\\Brave Downloads\\SuperShop-main(rawan hossam)\\SuperShop-main\\src\\app\\(auth)\\signin"
2025-09-17T21:49:21.684300Z  INFO get_globs:scan_sources: tailwindcss_oxide::scanner: Discovering "G:\\Brave Downloads\\SuperShop-main(rawan hossam)\\SuperShop-main\\src\\app\\actions"
2025-09-17T21:49:21.685530Z  INFO get_globs:scan_sources: tailwindcss_oxide::scanner: Discovering "G:\\Brave Downloads\\SuperShop-main(rawan hossam)\\SuperShop-main\\src\\app\\allorders"
2025-09-17T21:49:21.686673Z  INFO get_globs:scan_sources: tailwindcss_oxide::scanner: Discovering "G:\\Brave Downloads\\SuperShop-main(rawan hossam)\\SuperShop-main\\src\\app\\api"
2025-09-17T21:49:21.687468Z  INFO get_globs:scan_sources: tailwindcss_oxide::scanner: Discovering "G:\\Brave Downloads\\SuperShop-main(rawan hossam)\\SuperShop-main\\src\\app\\api\\auth"
2025-09-17T21:49:21.688437Z  INFO get_globs:scan_sources: tailwindcss_oxide::scanner: Discovering "G:\\Brave Downloads\\SuperShop-main(rawan hossam)\\SuperShop-main\\src\\app\\api\\auth\\[...nextauth]"
2025-09-17T21:49:21.689680Z  INFO get_globs:scan_sources: tailwindcss_oxide::scanner: Discovering "G:\\Brave Downloads\\SuperShop-main(rawan hossam)\\SuperShop-main\\src\\app\\brands"
2025-09-17T21:49:21.690534Z  INFO get_globs:scan_sources: tailwindcss_oxide::scanner: Discovering "G:\\Brave Downloads\\SuperShop-main(rawan hossam)\\SuperShop-main\\src\\app\\cart"
2025-09-17T21:49:21.691505Z  INFO get_globs:scan_sources: tailwindcss_oxide::scanner: Discovering "G:\\Brave Downloads\\SuperShop-main(rawan hossam)\\SuperShop-main\\src\\app\\categories"
2025-09-17T21:49:21.692209Z  INFO get_globs:scan_sources: tailwindcss_oxide::scanner: Discovering "G:\\Brave Downloads\\SuperShop-main(rawan hossam)\\SuperShop-main\\src\\app\\categories\\[id]"
2025-09-17T21:49:21.693118Z  INFO get_globs:scan_sources: tailwindcss_oxide::scanner: Discovering "G:\\Brave Downloads\\SuperShop-main(rawan hossam)\\SuperShop-main\\src\\app\\checkout"
2025-09-17T21:49:21.694174Z  INFO get_globs:scan_sources: tailwindcss_oxide::scanner: Discovering "G:\\Brave Downloads\\SuperShop-main(rawan hossam)\\SuperShop-main\\src\\app\\context"
2025-09-17T21:49:21.696375Z  INFO get_globs:scan_sources: tailwindcss_oxide::scanner: Discovering "G:\\Brave Downloads\\SuperShop-main(rawan hossam)\\SuperShop-main\\src\\app\\products"
2025-09-17T21:49:21.697605Z  INFO get_globs:scan_sources: tailwindcss_oxide::scanner: Discovering "G:\\Brave Downloads\\SuperShop-main(rawan hossam)\\SuperShop-main\\src\\app\\products\\[id]"
2025-09-17T21:49:21.699099Z  INFO get_globs:scan_sources: tailwindcss_oxide::scanner: Discovering "G:\\Brave Downloads\\SuperShop-main(rawan hossam)\\SuperShop-main\\src\\app\\types"
2025-09-17T21:49:21.700776Z  INFO get_globs:scan_sources: tailwindcss_oxide::scanner: Discovering "G:\\Brave Downloads\\SuperShop-main(rawan hossam)\\SuperShop-main\\src\\app\\wishlist"
2025-09-17T21:49:21.701804Z  INFO get_globs:scan_sources: tailwindcss_oxide::scanner: Discovering "G:\\Brave Downloads\\SuperShop-main(rawan hossam)\\SuperShop-main\\src\\components"
2025-09-17T21:49:21.702629Z  INFO get_globs:scan_sources: tailwindcss_oxide::scanner: Discovering "G:\\Brave Downloads\\SuperShop-main(rawan hossam)\\SuperShop-main\\src\\components\\brands-comps"
2025-09-17T21:49:21.703897Z  INFO get_globs:scan_sources: tailwindcss_oxide::scanner: Discovering "G:\\Brave Downloads\\SuperShop-main(rawan hossam)\\SuperShop-main\\src\\components\\cart-comps"
2025-09-17T21:49:21.704693Z  INFO get_globs:scan_sources: tailwindcss_oxide::scanner: Discovering "G:\\Brave Downloads\\SuperShop-main(rawan hossam)\\SuperShop-main\\src\\components\\categories-comps"
2025-09-17T21:49:21.705726Z  INFO get_globs:scan_sources: tailwindcss_oxide::scanner: Discovering "G:\\Brave Downloads\\SuperShop-main(rawan hossam)\\SuperShop-main\\src\\components\\footer"
2025-09-17T21:49:21.711027Z  INFO get_globs:scan_sources: tailwindcss_oxide::scanner: Discovering "G:\\Brave Downloads\\SuperShop-main(rawan hossam)\\SuperShop-main\\src\\components\\nav-comps"
2025-09-17T21:49:21.712029Z  INFO get_globs:scan_sources: tailwindcss_oxide::scanner: Discovering "G:\\Brave Downloads\\SuperShop-main(rawan hossam)\\SuperShop-main\\src\\components\\products-comps"
2025-09-17T21:49:21.723926Z  INFO get_globs:scan_sources: tailwindcss_oxide::scanner: Discovering "G:\\Brave Downloads\\SuperShop-main(rawan hossam)\\SuperShop-main\\src\\components\\slider-comps"
2025-09-17T21:49:21.730282Z  INFO get_globs:scan_sources: tailwindcss_oxide::scanner: Discovering "G:\\Brave Downloads\\SuperShop-main(rawan hossam)\\SuperShop-main\\src\\components\\ui"
2025-09-17T21:49:21.735929Z  INFO get_globs:scan_sources: tailwindcss_oxide::scanner: Discovering "G:\\Brave Downloads\\SuperShop-main(rawan hossam)\\SuperShop-main\\src\\components\\wishlist-comps"
2025-09-17T21:49:21.740838Z  INFO get_globs:scan_sources: tailwindcss_oxide::scanner: Discovering "G:\\Brave Downloads\\SuperShop-main(rawan hossam)\\SuperShop-main\\src\\lib"
2025-09-17T21:49:21.741887Z  INFO get_globs:scan_sources: tailwindcss_oxide::scanner: exit
2025-09-17T21:49:21.770768Z  INFO get_globs: tailwindcss_oxide::scanner: exit
