2025-09-17T20:16:35.361366Z  INFO tailwindcss_oxide::scanner: Provided sources:
2025-09-17T20:16:35.361486Z  INFO tailwindcss_oxide::scanner: Source: PublicSourceEntry { base: "g:\\Brave Downloads\\SuperShop-main(rawan hossam)\\SuperShop-main", pattern: "**/*", negated: false }
2025-09-17T20:16:35.361695Z  INFO tailwindcss_oxide::scanner: Optimized sources:
2025-09-17T20:16:35.361712Z  INFO tailwindcss_oxide::scanner: Source: Auto { base: "G:\\Brave Downloads\\SuperShop-main(rawan hossam)\\SuperShop-main" }
2025-09-17T20:16:35.363764Z  INFO get_files: tailwindcss_oxide::scanner: enter
2025-09-17T20:16:35.363793Z  INFO get_files:scan_sources: tailwindcss_oxide::scanner: enter
2025-09-17T20:16:35.365512Z  INFO get_files:scan_sources: tailwindcss_oxide::scanner: Discovering "G:\\Brave Downloads\\SuperShop-main(rawan hossam)\\SuperShop-main\\.vscode"
2025-09-17T20:16:35.365980Z  INFO get_files:scan_sources: tailwindcss_oxide::scanner: Discovering "G:\\Brave Downloads\\SuperShop-main(rawan hossam)\\SuperShop-main\\.vscode\\settings.json"
2025-09-17T20:16:35.366158Z  INFO get_files:scan_sources: tailwindcss_oxide::scanner: Discovering "G:\\Brave Downloads\\SuperShop-main(rawan hossam)\\SuperShop-main\\components.json"
2025-09-17T20:16:35.366308Z  INFO get_files:scan_sources: tailwindcss_oxide::scanner: Discovering "G:\\Brave Downloads\\SuperShop-main(rawan hossam)\\SuperShop-main\\eslint.config.mjs"
2025-09-17T20:16:35.366481Z  INFO get_files:scan_sources: tailwindcss_oxide::scanner: Discovering "G:\\Brave Downloads\\SuperShop-main(rawan hossam)\\SuperShop-main\\next.config.ts"
2025-09-17T20:16:35.366924Z  INFO get_files:scan_sources: tailwindcss_oxide::scanner: Discovering "G:\\Brave Downloads\\SuperShop-main(rawan hossam)\\SuperShop-main\\package.json"
2025-09-17T20:16:35.367061Z  INFO get_files:scan_sources: tailwindcss_oxide::scanner: Discovering "G:\\Brave Downloads\\SuperShop-main(rawan hossam)\\SuperShop-main\\postcss.config.mjs"
2025-09-17T20:16:35.367296Z  INFO get_files:scan_sources: tailwindcss_oxide::scanner: Discovering "G:\\Brave Downloads\\SuperShop-main(rawan hossam)\\SuperShop-main\\public"
2025-09-17T20:16:35.367562Z  INFO get_files:scan_sources: tailwindcss_oxide::scanner: Discovering "G:\\Brave Downloads\\SuperShop-main(rawan hossam)\\SuperShop-main\\public\\download.svg"
2025-09-17T20:16:35.367704Z  INFO get_files:scan_sources: tailwindcss_oxide::scanner: Discovering "G:\\Brave Downloads\\SuperShop-main(rawan hossam)\\SuperShop-main\\public\\file.svg"
2025-09-17T20:16:35.367834Z  INFO get_files:scan_sources: tailwindcss_oxide::scanner: Discovering "G:\\Brave Downloads\\SuperShop-main(rawan hossam)\\SuperShop-main\\public\\globe.svg"
2025-09-17T20:16:35.367967Z  INFO get_files:scan_sources: tailwindcss_oxide::scanner: Discovering "G:\\Brave Downloads\\SuperShop-main(rawan hossam)\\SuperShop-main\\public\\next.svg"
2025-09-17T20:16:35.368197Z  INFO get_files:scan_sources: tailwindcss_oxide::scanner: Discovering "G:\\Brave Downloads\\SuperShop-main(rawan hossam)\\SuperShop-main\\public\\slider"
2025-09-17T20:16:35.368543Z  INFO get_files:scan_sources: tailwindcss_oxide::scanner: Discovering "G:\\Brave Downloads\\SuperShop-main(rawan hossam)\\SuperShop-main\\public\\vercel.svg"
2025-09-17T20:16:35.368673Z  INFO get_files:scan_sources: tailwindcss_oxide::scanner: Discovering "G:\\Brave Downloads\\SuperShop-main(rawan hossam)\\SuperShop-main\\public\\window.svg"
2025-09-17T20:16:35.368841Z  INFO get_files:scan_sources: tailwindcss_oxide::scanner: Discovering "G:\\Brave Downloads\\SuperShop-main(rawan hossam)\\SuperShop-main\\README.md"
2025-09-17T20:16:35.369079Z  INFO get_files:scan_sources: tailwindcss_oxide::scanner: Discovering "G:\\Brave Downloads\\SuperShop-main(rawan hossam)\\SuperShop-main\\src"
2025-09-17T20:16:35.369481Z  INFO get_files:scan_sources: tailwindcss_oxide::scanner: Discovering "G:\\Brave Downloads\\SuperShop-main(rawan hossam)\\SuperShop-main\\src\\app"
2025-09-17T20:16:35.369846Z  INFO get_files:scan_sources: tailwindcss_oxide::scanner: Discovering "G:\\Brave Downloads\\SuperShop-main(rawan hossam)\\SuperShop-main\\src\\app\\(auth)"
2025-09-17T20:16:35.370238Z  INFO get_files:scan_sources: tailwindcss_oxide::scanner: Discovering "G:\\Brave Downloads\\SuperShop-main(rawan hossam)\\SuperShop-main\\src\\app\\(auth)\\forgetpassword"
2025-09-17T20:16:35.370505Z  INFO get_files:scan_sources: tailwindcss_oxide::scanner: Discovering "G:\\Brave Downloads\\SuperShop-main(rawan hossam)\\SuperShop-main\\src\\app\\(auth)\\forgetpassword\\page.tsx"
2025-09-17T20:16:35.370769Z  INFO get_files:scan_sources: tailwindcss_oxide::scanner: Discovering "G:\\Brave Downloads\\SuperShop-main(rawan hossam)\\SuperShop-main\\src\\app\\(auth)\\register"
2025-09-17T20:16:35.371027Z  INFO get_files:scan_sources: tailwindcss_oxide::scanner: Discovering "G:\\Brave Downloads\\SuperShop-main(rawan hossam)\\SuperShop-main\\src\\app\\(auth)\\register\\page.tsx"
2025-09-17T20:16:35.371277Z  INFO get_files:scan_sources: tailwindcss_oxide::scanner: Discovering "G:\\Brave Downloads\\SuperShop-main(rawan hossam)\\SuperShop-main\\src\\app\\(auth)\\resetcode"
2025-09-17T20:16:35.371525Z  INFO get_files:scan_sources: tailwindcss_oxide::scanner: Discovering "G:\\Brave Downloads\\SuperShop-main(rawan hossam)\\SuperShop-main\\src\\app\\(auth)\\resetcode\\page.tsx"
2025-09-17T20:16:35.371772Z  INFO get_files:scan_sources: tailwindcss_oxide::scanner: Discovering "G:\\Brave Downloads\\SuperShop-main(rawan hossam)\\SuperShop-main\\src\\app\\(auth)\\resetpassword"
2025-09-17T20:16:35.372026Z  INFO get_files:scan_sources: tailwindcss_oxide::scanner: Discovering "G:\\Brave Downloads\\SuperShop-main(rawan hossam)\\SuperShop-main\\src\\app\\(auth)\\resetpassword\\page.tsx"
2025-09-17T20:16:35.372283Z  INFO get_files:scan_sources: tailwindcss_oxide::scanner: Discovering "G:\\Brave Downloads\\SuperShop-main(rawan hossam)\\SuperShop-main\\src\\app\\(auth)\\signin"
2025-09-17T20:16:35.372538Z  INFO get_files:scan_sources: tailwindcss_oxide::scanner: Discovering "G:\\Brave Downloads\\SuperShop-main(rawan hossam)\\SuperShop-main\\src\\app\\(auth)\\signin\\page.tsx"
2025-09-17T20:16:35.372806Z  INFO get_files:scan_sources: tailwindcss_oxide::scanner: Discovering "G:\\Brave Downloads\\SuperShop-main(rawan hossam)\\SuperShop-main\\src\\app\\actions"
2025-09-17T20:16:35.373068Z  INFO get_files:scan_sources: tailwindcss_oxide::scanner: Discovering "G:\\Brave Downloads\\SuperShop-main(rawan hossam)\\SuperShop-main\\src\\app\\actions\\brands.action.ts"
2025-09-17T20:16:35.373200Z  INFO get_files:scan_sources: tailwindcss_oxide::scanner: Discovering "G:\\Brave Downloads\\SuperShop-main(rawan hossam)\\SuperShop-main\\src\\app\\actions\\cart.action.ts"
2025-09-17T20:16:35.373331Z  INFO get_files:scan_sources: tailwindcss_oxide::scanner: Discovering "G:\\Brave Downloads\\SuperShop-main(rawan hossam)\\SuperShop-main\\src\\app\\actions\\categories.action.ts"
2025-09-17T20:16:35.373469Z  INFO get_files:scan_sources: tailwindcss_oxide::scanner: Discovering "G:\\Brave Downloads\\SuperShop-main(rawan hossam)\\SuperShop-main\\src\\app\\actions\\payment.action.ts"
2025-09-17T20:16:35.373602Z  INFO get_files:scan_sources: tailwindcss_oxide::scanner: Discovering "G:\\Brave Downloads\\SuperShop-main(rawan hossam)\\SuperShop-main\\src\\app\\actions\\products.action.ts"
2025-09-17T20:16:35.373741Z  INFO get_files:scan_sources: tailwindcss_oxide::scanner: Discovering "G:\\Brave Downloads\\SuperShop-main(rawan hossam)\\SuperShop-main\\src\\app\\actions\\wishlist.action.ts"
2025-09-17T20:16:35.374007Z  INFO get_files:scan_sources: tailwindcss_oxide::scanner: Discovering "G:\\Brave Downloads\\SuperShop-main(rawan hossam)\\SuperShop-main\\src\\app\\allorders"
2025-09-17T20:16:35.374265Z  INFO get_files:scan_sources: tailwindcss_oxide::scanner: Discovering "G:\\Brave Downloads\\SuperShop-main(rawan hossam)\\SuperShop-main\\src\\app\\allorders\\page.tsx"
2025-09-17T20:16:35.374520Z  INFO get_files:scan_sources: tailwindcss_oxide::scanner: Discovering "G:\\Brave Downloads\\SuperShop-main(rawan hossam)\\SuperShop-main\\src\\app\\api"
2025-09-17T20:16:35.374864Z  INFO get_files:scan_sources: tailwindcss_oxide::scanner: Discovering "G:\\Brave Downloads\\SuperShop-main(rawan hossam)\\SuperShop-main\\src\\app\\api\\auth"
2025-09-17T20:16:35.375235Z  INFO get_files:scan_sources: tailwindcss_oxide::scanner: Discovering "G:\\Brave Downloads\\SuperShop-main(rawan hossam)\\SuperShop-main\\src\\app\\api\\auth\\[...nextauth]"
2025-09-17T20:16:35.375499Z  INFO get_files:scan_sources: tailwindcss_oxide::scanner: Discovering "G:\\Brave Downloads\\SuperShop-main(rawan hossam)\\SuperShop-main\\src\\app\\api\\auth\\[...nextauth]\\route.ts"
2025-09-17T20:16:35.375789Z  INFO get_files:scan_sources: tailwindcss_oxide::scanner: Discovering "G:\\Brave Downloads\\SuperShop-main(rawan hossam)\\SuperShop-main\\src\\app\\brands"
2025-09-17T20:16:35.376041Z  INFO get_files:scan_sources: tailwindcss_oxide::scanner: Discovering "G:\\Brave Downloads\\SuperShop-main(rawan hossam)\\SuperShop-main\\src\\app\\brands\\page.tsx"
2025-09-17T20:16:35.376289Z  INFO get_files:scan_sources: tailwindcss_oxide::scanner: Discovering "G:\\Brave Downloads\\SuperShop-main(rawan hossam)\\SuperShop-main\\src\\app\\cart"
2025-09-17T20:16:35.376539Z  INFO get_files:scan_sources: tailwindcss_oxide::scanner: Discovering "G:\\Brave Downloads\\SuperShop-main(rawan hossam)\\SuperShop-main\\src\\app\\cart\\page.tsx"
2025-09-17T20:16:35.376794Z  INFO get_files:scan_sources: tailwindcss_oxide::scanner: Discovering "G:\\Brave Downloads\\SuperShop-main(rawan hossam)\\SuperShop-main\\src\\app\\categories"
2025-09-17T20:16:35.377046Z  INFO get_files:scan_sources: tailwindcss_oxide::scanner: Discovering "G:\\Brave Downloads\\SuperShop-main(rawan hossam)\\SuperShop-main\\src\\app\\categories\\page.tsx"
2025-09-17T20:16:35.377274Z  INFO get_files:scan_sources: tailwindcss_oxide::scanner: Discovering "G:\\Brave Downloads\\SuperShop-main(rawan hossam)\\SuperShop-main\\src\\app\\categories\\[id]"
2025-09-17T20:16:35.377529Z  INFO get_files:scan_sources: tailwindcss_oxide::scanner: Discovering "G:\\Brave Downloads\\SuperShop-main(rawan hossam)\\SuperShop-main\\src\\app\\categories\\[id]\\page.tsx"
2025-09-17T20:16:35.377804Z  INFO get_files:scan_sources: tailwindcss_oxide::scanner: Discovering "G:\\Brave Downloads\\SuperShop-main(rawan hossam)\\SuperShop-main\\src\\app\\checkout"
2025-09-17T20:16:35.378053Z  INFO get_files:scan_sources: tailwindcss_oxide::scanner: Discovering "G:\\Brave Downloads\\SuperShop-main(rawan hossam)\\SuperShop-main\\src\\app\\checkout\\page.tsx"
2025-09-17T20:16:35.378301Z  INFO get_files:scan_sources: tailwindcss_oxide::scanner: Discovering "G:\\Brave Downloads\\SuperShop-main(rawan hossam)\\SuperShop-main\\src\\app\\context"
2025-09-17T20:16:35.378546Z  INFO get_files:scan_sources: tailwindcss_oxide::scanner: Discovering "G:\\Brave Downloads\\SuperShop-main(rawan hossam)\\SuperShop-main\\src\\app\\context\\AuthProvider.tsx"
2025-09-17T20:16:35.378674Z  INFO get_files:scan_sources: tailwindcss_oxide::scanner: Discovering "G:\\Brave Downloads\\SuperShop-main(rawan hossam)\\SuperShop-main\\src\\app\\context\\CartProvider.tsx"
2025-09-17T20:16:35.378807Z  INFO get_files:scan_sources: tailwindcss_oxide::scanner: Discovering "G:\\Brave Downloads\\SuperShop-main(rawan hossam)\\SuperShop-main\\src\\app\\context\\WishlistProvider.tsx"
2025-09-17T20:16:35.378961Z  INFO get_files:scan_sources: tailwindcss_oxide::scanner: Discovering "G:\\Brave Downloads\\SuperShop-main(rawan hossam)\\SuperShop-main\\src\\app\\globals.css"
2025-09-17T20:16:35.379092Z  INFO get_files:scan_sources: tailwindcss_oxide::scanner: Discovering "G:\\Brave Downloads\\SuperShop-main(rawan hossam)\\SuperShop-main\\src\\app\\layout.tsx"
2025-09-17T20:16:35.379232Z  INFO get_files:scan_sources: tailwindcss_oxide::scanner: Discovering "G:\\Brave Downloads\\SuperShop-main(rawan hossam)\\SuperShop-main\\src\\app\\loading.tsx"
2025-09-17T20:16:35.379371Z  INFO get_files:scan_sources: tailwindcss_oxide::scanner: Discovering "G:\\Brave Downloads\\SuperShop-main(rawan hossam)\\SuperShop-main\\src\\app\\not-found.tsx"
2025-09-17T20:16:35.379500Z  INFO get_files:scan_sources: tailwindcss_oxide::scanner: Discovering "G:\\Brave Downloads\\SuperShop-main(rawan hossam)\\SuperShop-main\\src\\app\\page.tsx"
2025-09-17T20:16:35.379728Z  INFO get_files:scan_sources: tailwindcss_oxide::scanner: Discovering "G:\\Brave Downloads\\SuperShop-main(rawan hossam)\\SuperShop-main\\src\\app\\products"
2025-09-17T20:16:35.379984Z  INFO get_files:scan_sources: tailwindcss_oxide::scanner: Discovering "G:\\Brave Downloads\\SuperShop-main(rawan hossam)\\SuperShop-main\\src\\app\\products\\loading.tsx"
2025-09-17T20:16:35.380112Z  INFO get_files:scan_sources: tailwindcss_oxide::scanner: Discovering "G:\\Brave Downloads\\SuperShop-main(rawan hossam)\\SuperShop-main\\src\\app\\products\\page.tsx"
2025-09-17T20:16:35.380337Z  INFO get_files:scan_sources: tailwindcss_oxide::scanner: Discovering "G:\\Brave Downloads\\SuperShop-main(rawan hossam)\\SuperShop-main\\src\\app\\products\\[id]"
2025-09-17T20:16:35.380592Z  INFO get_files:scan_sources: tailwindcss_oxide::scanner: Discovering "G:\\Brave Downloads\\SuperShop-main(rawan hossam)\\SuperShop-main\\src\\app\\products\\[id]\\page.tsx"
2025-09-17T20:16:35.380876Z  INFO get_files:scan_sources: tailwindcss_oxide::scanner: Discovering "G:\\Brave Downloads\\SuperShop-main(rawan hossam)\\SuperShop-main\\src\\app\\types"
2025-09-17T20:16:35.381135Z  INFO get_files:scan_sources: tailwindcss_oxide::scanner: Discovering "G:\\Brave Downloads\\SuperShop-main(rawan hossam)\\SuperShop-main\\src\\app\\types\\brands.model.ts"
2025-09-17T20:16:35.381264Z  INFO get_files:scan_sources: tailwindcss_oxide::scanner: Discovering "G:\\Brave Downloads\\SuperShop-main(rawan hossam)\\SuperShop-main\\src\\app\\types\\cart.model.ts"
2025-09-17T20:16:35.381414Z  INFO get_files:scan_sources: tailwindcss_oxide::scanner: Discovering "G:\\Brave Downloads\\SuperShop-main(rawan hossam)\\SuperShop-main\\src\\app\\types\\category.model.ts"
2025-09-17T20:16:35.381564Z  INFO get_files:scan_sources: tailwindcss_oxide::scanner: Discovering "G:\\Brave Downloads\\SuperShop-main(rawan hossam)\\SuperShop-main\\src\\app\\types\\forgetpassword.model.ts"
2025-09-17T20:16:35.381732Z  INFO get_files:scan_sources: tailwindcss_oxide::scanner: Discovering "G:\\Brave Downloads\\SuperShop-main(rawan hossam)\\SuperShop-main\\src\\app\\types\\productDetails.model.ts"
2025-09-17T20:16:35.381865Z  INFO get_files:scan_sources: tailwindcss_oxide::scanner: Discovering "G:\\Brave Downloads\\SuperShop-main(rawan hossam)\\SuperShop-main\\src\\app\\types\\products.model.ts"
2025-09-17T20:16:35.381992Z  INFO get_files:scan_sources: tailwindcss_oxide::scanner: Discovering "G:\\Brave Downloads\\SuperShop-main(rawan hossam)\\SuperShop-main\\src\\app\\types\\wishlist.model.ts"
2025-09-17T20:16:35.382249Z  INFO get_files:scan_sources: tailwindcss_oxide::scanner: Discovering "G:\\Brave Downloads\\SuperShop-main(rawan hossam)\\SuperShop-main\\src\\app\\wishlist"
2025-09-17T20:16:35.382585Z  INFO get_files:scan_sources: tailwindcss_oxide::scanner: Discovering "G:\\Brave Downloads\\SuperShop-main(rawan hossam)\\SuperShop-main\\src\\app\\wishlist\\page.tsx"
2025-09-17T20:16:35.382981Z  INFO get_files:scan_sources: tailwindcss_oxide::scanner: Discovering "G:\\Brave Downloads\\SuperShop-main(rawan hossam)\\SuperShop-main\\src\\components"
2025-09-17T20:16:35.383534Z  INFO get_files:scan_sources: tailwindcss_oxide::scanner: Discovering "G:\\Brave Downloads\\SuperShop-main(rawan hossam)\\SuperShop-main\\src\\components\\brands-comps"
2025-09-17T20:16:35.383887Z  INFO get_files:scan_sources: tailwindcss_oxide::scanner: Discovering "G:\\Brave Downloads\\SuperShop-main(rawan hossam)\\SuperShop-main\\src\\components\\brands-comps\\BrandCard.tsx"
2025-09-17T20:16:35.384032Z  INFO get_files:scan_sources: tailwindcss_oxide::scanner: Discovering "G:\\Brave Downloads\\SuperShop-main(rawan hossam)\\SuperShop-main\\src\\components\\brands-comps\\BrandGridSystem.tsx"
2025-09-17T20:16:35.384315Z  INFO get_files:scan_sources: tailwindcss_oxide::scanner: Discovering "G:\\Brave Downloads\\SuperShop-main(rawan hossam)\\SuperShop-main\\src\\components\\cart-comps"
2025-09-17T20:16:35.384593Z  INFO get_files:scan_sources: tailwindcss_oxide::scanner: Discovering "G:\\Brave Downloads\\SuperShop-main(rawan hossam)\\SuperShop-main\\src\\components\\cart-comps\\TableCart.tsx"
2025-09-17T20:16:35.384895Z  INFO get_files:scan_sources: tailwindcss_oxide::scanner: Discovering "G:\\Brave Downloads\\SuperShop-main(rawan hossam)\\SuperShop-main\\src\\components\\categories-comps"
2025-09-17T20:16:35.385163Z  INFO get_files:scan_sources: tailwindcss_oxide::scanner: Discovering "G:\\Brave Downloads\\SuperShop-main(rawan hossam)\\SuperShop-main\\src\\components\\categories-comps\\CategoriesCard.tsx"
2025-09-17T20:16:35.385297Z  INFO get_files:scan_sources: tailwindcss_oxide::scanner: Discovering "G:\\Brave Downloads\\SuperShop-main(rawan hossam)\\SuperShop-main\\src\\components\\categories-comps\\CategoriesGridSystem.tsx"
2025-09-17T20:16:35.385549Z  INFO get_files:scan_sources: tailwindcss_oxide::scanner: Discovering "G:\\Brave Downloads\\SuperShop-main(rawan hossam)\\SuperShop-main\\src\\components\\footer"
2025-09-17T20:16:35.385799Z  INFO get_files:scan_sources: tailwindcss_oxide::scanner: Discovering "G:\\Brave Downloads\\SuperShop-main(rawan hossam)\\SuperShop-main\\src\\components\\footer\\Footer.tsx"
2025-09-17T20:16:35.386058Z  INFO get_files:scan_sources: tailwindcss_oxide::scanner: Discovering "G:\\Brave Downloads\\SuperShop-main(rawan hossam)\\SuperShop-main\\src\\components\\nav-comps"
2025-09-17T20:16:35.386358Z  INFO get_files:scan_sources: tailwindcss_oxide::scanner: Discovering "G:\\Brave Downloads\\SuperShop-main(rawan hossam)\\SuperShop-main\\src\\components\\nav-comps\\Navbar.tsx"
2025-09-17T20:16:35.386619Z  INFO get_files:scan_sources: tailwindcss_oxide::scanner: Discovering "G:\\Brave Downloads\\SuperShop-main(rawan hossam)\\SuperShop-main\\src\\components\\products-comps"
2025-09-17T20:16:35.386881Z  INFO get_files:scan_sources: tailwindcss_oxide::scanner: Discovering "G:\\Brave Downloads\\SuperShop-main(rawan hossam)\\SuperShop-main\\src\\components\\products-comps\\ProductCard.tsx"
2025-09-17T20:16:35.387012Z  INFO get_files:scan_sources: tailwindcss_oxide::scanner: Discovering "G:\\Brave Downloads\\SuperShop-main(rawan hossam)\\SuperShop-main\\src\\components\\products-comps\\ProductDetailsComps.tsx"
2025-09-17T20:16:35.387167Z  INFO get_files:scan_sources: tailwindcss_oxide::scanner: Discovering "G:\\Brave Downloads\\SuperShop-main(rawan hossam)\\SuperShop-main\\src\\components\\products-comps\\ProductsGridSystem.tsx"
2025-09-17T20:16:35.387440Z  INFO get_files:scan_sources: tailwindcss_oxide::scanner: Discovering "G:\\Brave Downloads\\SuperShop-main(rawan hossam)\\SuperShop-main\\src\\components\\slider-comps"
2025-09-17T20:16:35.387698Z  INFO get_files:scan_sources: tailwindcss_oxide::scanner: Discovering "G:\\Brave Downloads\\SuperShop-main(rawan hossam)\\SuperShop-main\\src\\components\\slider-comps\\CategoriesSliderComps.tsx"
2025-09-17T20:16:35.387829Z  INFO get_files:scan_sources: tailwindcss_oxide::scanner: Discovering "G:\\Brave Downloads\\SuperShop-main(rawan hossam)\\SuperShop-main\\src\\components\\slider-comps\\MainSlider.tsx"
2025-09-17T20:16:35.388117Z  INFO get_files:scan_sources: tailwindcss_oxide::scanner: Discovering "G:\\Brave Downloads\\SuperShop-main(rawan hossam)\\SuperShop-main\\src\\components\\ui"
2025-09-17T20:16:35.388371Z  INFO get_files:scan_sources: tailwindcss_oxide::scanner: Discovering "G:\\Brave Downloads\\SuperShop-main(rawan hossam)\\SuperShop-main\\src\\components\\ui\\badge.tsx"
2025-09-17T20:16:35.388505Z  INFO get_files:scan_sources: tailwindcss_oxide::scanner: Discovering "G:\\Brave Downloads\\SuperShop-main(rawan hossam)\\SuperShop-main\\src\\components\\ui\\button.tsx"
2025-09-17T20:16:35.388636Z  INFO get_files:scan_sources: tailwindcss_oxide::scanner: Discovering "G:\\Brave Downloads\\SuperShop-main(rawan hossam)\\SuperShop-main\\src\\components\\ui\\card.tsx"
2025-09-17T20:16:35.388768Z  INFO get_files:scan_sources: tailwindcss_oxide::scanner: Discovering "G:\\Brave Downloads\\SuperShop-main(rawan hossam)\\SuperShop-main\\src\\components\\ui\\hover-card.tsx"
2025-09-17T20:16:35.388921Z  INFO get_files:scan_sources: tailwindcss_oxide::scanner: Discovering "G:\\Brave Downloads\\SuperShop-main(rawan hossam)\\SuperShop-main\\src\\components\\ui\\input-otp.tsx"
2025-09-17T20:16:35.389053Z  INFO get_files:scan_sources: tailwindcss_oxide::scanner: Discovering "G:\\Brave Downloads\\SuperShop-main(rawan hossam)\\SuperShop-main\\src\\components\\ui\\input.tsx"
2025-09-17T20:16:35.389183Z  INFO get_files:scan_sources: tailwindcss_oxide::scanner: Discovering "G:\\Brave Downloads\\SuperShop-main(rawan hossam)\\SuperShop-main\\src\\components\\ui\\label.tsx"
2025-09-17T20:16:35.389317Z  INFO get_files:scan_sources: tailwindcss_oxide::scanner: Discovering "G:\\Brave Downloads\\SuperShop-main(rawan hossam)\\SuperShop-main\\src\\components\\ui\\navigation-menu.tsx"
2025-09-17T20:16:35.389446Z  INFO get_files:scan_sources: tailwindcss_oxide::scanner: Discovering "G:\\Brave Downloads\\SuperShop-main(rawan hossam)\\SuperShop-main\\src\\components\\ui\\radio-group.tsx"
2025-09-17T20:16:35.389574Z  INFO get_files:scan_sources: tailwindcss_oxide::scanner: Discovering "G:\\Brave Downloads\\SuperShop-main(rawan hossam)\\SuperShop-main\\src\\components\\ui\\table.tsx"
2025-09-17T20:16:35.389829Z  INFO get_files:scan_sources: tailwindcss_oxide::scanner: Discovering "G:\\Brave Downloads\\SuperShop-main(rawan hossam)\\SuperShop-main\\src\\components\\wishlist-comps"
2025-09-17T20:16:35.390081Z  INFO get_files:scan_sources: tailwindcss_oxide::scanner: Discovering "G:\\Brave Downloads\\SuperShop-main(rawan hossam)\\SuperShop-main\\src\\components\\wishlist-comps\\TableWishlist.tsx"
2025-09-17T20:16:35.390211Z  INFO get_files:scan_sources: tailwindcss_oxide::scanner: Discovering "G:\\Brave Downloads\\SuperShop-main(rawan hossam)\\SuperShop-main\\src\\components\\wishlist-comps\\WishlistCard.tsx"
2025-09-17T20:16:35.390494Z  INFO get_files:scan_sources: tailwindcss_oxide::scanner: Discovering "G:\\Brave Downloads\\SuperShop-main(rawan hossam)\\SuperShop-main\\src\\lib"
2025-09-17T20:16:35.390740Z  INFO get_files:scan_sources: tailwindcss_oxide::scanner: Discovering "G:\\Brave Downloads\\SuperShop-main(rawan hossam)\\SuperShop-main\\src\\lib\\tokenutils.ts"
2025-09-17T20:16:35.390869Z  INFO get_files:scan_sources: tailwindcss_oxide::scanner: Discovering "G:\\Brave Downloads\\SuperShop-main(rawan hossam)\\SuperShop-main\\src\\lib\\utils.ts"
2025-09-17T20:16:35.391019Z  INFO get_files:scan_sources: tailwindcss_oxide::scanner: Discovering "G:\\Brave Downloads\\SuperShop-main(rawan hossam)\\SuperShop-main\\src\\middleware.ts"
2025-09-17T20:16:35.391193Z  INFO get_files:scan_sources: tailwindcss_oxide::scanner: Discovering "G:\\Brave Downloads\\SuperShop-main(rawan hossam)\\SuperShop-main\\tsconfig.json"
2025-09-17T20:16:35.391384Z  INFO get_files:scan_sources: tailwindcss_oxide::scanner: exit
2025-09-17T20:16:35.391824Z  INFO get_files: tailwindcss_oxide::scanner: exit
2025-09-17T20:16:35.391905Z  INFO get_globs: tailwindcss_oxide::scanner: enter
2025-09-17T20:16:35.391911Z  INFO get_globs:scan_sources: tailwindcss_oxide::scanner: enter
2025-09-17T20:16:35.393444Z  INFO get_globs:scan_sources: tailwindcss_oxide::scanner: Discovering "G:\\Brave Downloads\\SuperShop-main(rawan hossam)\\SuperShop-main\\.vscode"
2025-09-17T20:16:35.394587Z  INFO get_globs:scan_sources: tailwindcss_oxide::scanner: Discovering "G:\\Brave Downloads\\SuperShop-main(rawan hossam)\\SuperShop-main\\public"
2025-09-17T20:16:35.395234Z  INFO get_globs:scan_sources: tailwindcss_oxide::scanner: Discovering "G:\\Brave Downloads\\SuperShop-main(rawan hossam)\\SuperShop-main\\public\\slider"
2025-09-17T20:16:35.395904Z  INFO get_globs:scan_sources: tailwindcss_oxide::scanner: Discovering "G:\\Brave Downloads\\SuperShop-main(rawan hossam)\\SuperShop-main\\src"
2025-09-17T20:16:35.396253Z  INFO get_globs:scan_sources: tailwindcss_oxide::scanner: Discovering "G:\\Brave Downloads\\SuperShop-main(rawan hossam)\\SuperShop-main\\src\\app"
2025-09-17T20:16:35.396659Z  INFO get_globs:scan_sources: tailwindcss_oxide::scanner: Discovering "G:\\Brave Downloads\\SuperShop-main(rawan hossam)\\SuperShop-main\\src\\app\\(auth)"
2025-09-17T20:16:35.397019Z  INFO get_globs:scan_sources: tailwindcss_oxide::scanner: Discovering "G:\\Brave Downloads\\SuperShop-main(rawan hossam)\\SuperShop-main\\src\\app\\(auth)\\forgetpassword"
2025-09-17T20:16:35.397494Z  INFO get_globs:scan_sources: tailwindcss_oxide::scanner: Discovering "G:\\Brave Downloads\\SuperShop-main(rawan hossam)\\SuperShop-main\\src\\app\\(auth)\\register"
2025-09-17T20:16:35.397937Z  INFO get_globs:scan_sources: tailwindcss_oxide::scanner: Discovering "G:\\Brave Downloads\\SuperShop-main(rawan hossam)\\SuperShop-main\\src\\app\\(auth)\\resetcode"
2025-09-17T20:16:35.398399Z  INFO get_globs:scan_sources: tailwindcss_oxide::scanner: Discovering "G:\\Brave Downloads\\SuperShop-main(rawan hossam)\\SuperShop-main\\src\\app\\(auth)\\resetpassword"
2025-09-17T20:16:35.398834Z  INFO get_globs:scan_sources: tailwindcss_oxide::scanner: Discovering "G:\\Brave Downloads\\SuperShop-main(rawan hossam)\\SuperShop-main\\src\\app\\(auth)\\signin"
2025-09-17T20:16:35.399322Z  INFO get_globs:scan_sources: tailwindcss_oxide::scanner: Discovering "G:\\Brave Downloads\\SuperShop-main(rawan hossam)\\SuperShop-main\\src\\app\\actions"
2025-09-17T20:16:35.400102Z  INFO get_globs:scan_sources: tailwindcss_oxide::scanner: Discovering "G:\\Brave Downloads\\SuperShop-main(rawan hossam)\\SuperShop-main\\src\\app\\allorders"
2025-09-17T20:16:35.400539Z  INFO get_globs:scan_sources: tailwindcss_oxide::scanner: Discovering "G:\\Brave Downloads\\SuperShop-main(rawan hossam)\\SuperShop-main\\src\\app\\api"
2025-09-17T20:16:35.400878Z  INFO get_globs:scan_sources: tailwindcss_oxide::scanner: Discovering "G:\\Brave Downloads\\SuperShop-main(rawan hossam)\\SuperShop-main\\src\\app\\api\\auth"
2025-09-17T20:16:35.401224Z  INFO get_globs:scan_sources: tailwindcss_oxide::scanner: Discovering "G:\\Brave Downloads\\SuperShop-main(rawan hossam)\\SuperShop-main\\src\\app\\api\\auth\\[...nextauth]"
2025-09-17T20:16:35.401695Z  INFO get_globs:scan_sources: tailwindcss_oxide::scanner: Discovering "G:\\Brave Downloads\\SuperShop-main(rawan hossam)\\SuperShop-main\\src\\app\\brands"
2025-09-17T20:16:35.402123Z  INFO get_globs:scan_sources: tailwindcss_oxide::scanner: Discovering "G:\\Brave Downloads\\SuperShop-main(rawan hossam)\\SuperShop-main\\src\\app\\cart"
2025-09-17T20:16:35.402562Z  INFO get_globs:scan_sources: tailwindcss_oxide::scanner: Discovering "G:\\Brave Downloads\\SuperShop-main(rawan hossam)\\SuperShop-main\\src\\app\\categories"
2025-09-17T20:16:35.402999Z  INFO get_globs:scan_sources: tailwindcss_oxide::scanner: Discovering "G:\\Brave Downloads\\SuperShop-main(rawan hossam)\\SuperShop-main\\src\\app\\categories\\[id]"
2025-09-17T20:16:35.403469Z  INFO get_globs:scan_sources: tailwindcss_oxide::scanner: Discovering "G:\\Brave Downloads\\SuperShop-main(rawan hossam)\\SuperShop-main\\src\\app\\checkout"
2025-09-17T20:16:35.403901Z  INFO get_globs:scan_sources: tailwindcss_oxide::scanner: Discovering "G:\\Brave Downloads\\SuperShop-main(rawan hossam)\\SuperShop-main\\src\\app\\context"
2025-09-17T20:16:35.404782Z  INFO get_globs:scan_sources: tailwindcss_oxide::scanner: Discovering "G:\\Brave Downloads\\SuperShop-main(rawan hossam)\\SuperShop-main\\src\\app\\products"
2025-09-17T20:16:35.405261Z  INFO get_globs:scan_sources: tailwindcss_oxide::scanner: Discovering "G:\\Brave Downloads\\SuperShop-main(rawan hossam)\\SuperShop-main\\src\\app\\products\\[id]"
2025-09-17T20:16:35.405715Z  INFO get_globs:scan_sources: tailwindcss_oxide::scanner: Discovering "G:\\Brave Downloads\\SuperShop-main(rawan hossam)\\SuperShop-main\\src\\app\\types"
2025-09-17T20:16:35.406537Z  INFO get_globs:scan_sources: tailwindcss_oxide::scanner: Discovering "G:\\Brave Downloads\\SuperShop-main(rawan hossam)\\SuperShop-main\\src\\app\\wishlist"
2025-09-17T20:16:35.406985Z  INFO get_globs:scan_sources: tailwindcss_oxide::scanner: Discovering "G:\\Brave Downloads\\SuperShop-main(rawan hossam)\\SuperShop-main\\src\\components"
2025-09-17T20:16:35.407366Z  INFO get_globs:scan_sources: tailwindcss_oxide::scanner: Discovering "G:\\Brave Downloads\\SuperShop-main(rawan hossam)\\SuperShop-main\\src\\components\\brands-comps"
2025-09-17T20:16:35.407872Z  INFO get_globs:scan_sources: tailwindcss_oxide::scanner: Discovering "G:\\Brave Downloads\\SuperShop-main(rawan hossam)\\SuperShop-main\\src\\components\\cart-comps"
2025-09-17T20:16:35.408314Z  INFO get_globs:scan_sources: tailwindcss_oxide::scanner: Discovering "G:\\Brave Downloads\\SuperShop-main(rawan hossam)\\SuperShop-main\\src\\components\\categories-comps"
2025-09-17T20:16:35.408824Z  INFO get_globs:scan_sources: tailwindcss_oxide::scanner: Discovering "G:\\Brave Downloads\\SuperShop-main(rawan hossam)\\SuperShop-main\\src\\components\\footer"
2025-09-17T20:16:35.409258Z  INFO get_globs:scan_sources: tailwindcss_oxide::scanner: Discovering "G:\\Brave Downloads\\SuperShop-main(rawan hossam)\\SuperShop-main\\src\\components\\nav-comps"
2025-09-17T20:16:35.409686Z  INFO get_globs:scan_sources: tailwindcss_oxide::scanner: Discovering "G:\\Brave Downloads\\SuperShop-main(rawan hossam)\\SuperShop-main\\src\\components\\products-comps"
2025-09-17T20:16:35.410246Z  INFO get_globs:scan_sources: tailwindcss_oxide::scanner: Discovering "G:\\Brave Downloads\\SuperShop-main(rawan hossam)\\SuperShop-main\\src\\components\\slider-comps"
2025-09-17T20:16:35.410743Z  INFO get_globs:scan_sources: tailwindcss_oxide::scanner: Discovering "G:\\Brave Downloads\\SuperShop-main(rawan hossam)\\SuperShop-main\\src\\components\\ui"
2025-09-17T20:16:35.411755Z  INFO get_globs:scan_sources: tailwindcss_oxide::scanner: Discovering "G:\\Brave Downloads\\SuperShop-main(rawan hossam)\\SuperShop-main\\src\\components\\wishlist-comps"
2025-09-17T20:16:35.412280Z  INFO get_globs:scan_sources: tailwindcss_oxide::scanner: Discovering "G:\\Brave Downloads\\SuperShop-main(rawan hossam)\\SuperShop-main\\src\\lib"
2025-09-17T20:16:35.412891Z  INFO get_globs:scan_sources: tailwindcss_oxide::scanner: exit
2025-09-17T20:16:35.426443Z  INFO get_globs: tailwindcss_oxide::scanner: exit
2025-09-17T20:21:24.306190Z  INFO tailwindcss_oxide::scanner: Provided sources:
2025-09-17T20:21:24.306221Z  INFO tailwindcss_oxide::scanner: Source: PublicSourceEntry { base: "g:\\Brave Downloads\\SuperShop-main(rawan hossam)\\SuperShop-main", pattern: "**/*", negated: false }
2025-09-17T20:21:24.306369Z  INFO tailwindcss_oxide::scanner: Optimized sources:
2025-09-17T20:21:24.306376Z  INFO tailwindcss_oxide::scanner: Source: Auto { base: "G:\\Brave Downloads\\SuperShop-main(rawan hossam)\\SuperShop-main" }
2025-09-17T20:21:24.306596Z  INFO get_files: tailwindcss_oxide::scanner: enter
2025-09-17T20:21:24.306605Z  INFO get_files:scan_sources: tailwindcss_oxide::scanner: enter
2025-09-17T20:21:24.308554Z  INFO get_files:scan_sources: tailwindcss_oxide::scanner: Discovering "G:\\Brave Downloads\\SuperShop-main(rawan hossam)\\SuperShop-main\\.vscode"
2025-09-17T20:21:24.308837Z  INFO get_files:scan_sources: tailwindcss_oxide::scanner: Discovering "G:\\Brave Downloads\\SuperShop-main(rawan hossam)\\SuperShop-main\\.vscode\\settings.json"
2025-09-17T20:21:24.308999Z  INFO get_files:scan_sources: tailwindcss_oxide::scanner: Discovering "G:\\Brave Downloads\\SuperShop-main(rawan hossam)\\SuperShop-main\\components.json"
2025-09-17T20:21:24.309151Z  INFO get_files:scan_sources: tailwindcss_oxide::scanner: Discovering "G:\\Brave Downloads\\SuperShop-main(rawan hossam)\\SuperShop-main\\eslint.config.mjs"
2025-09-17T20:21:24.309303Z  INFO get_files:scan_sources: tailwindcss_oxide::scanner: Discovering "G:\\Brave Downloads\\SuperShop-main(rawan hossam)\\SuperShop-main\\next.config.ts"
2025-09-17T20:21:24.309739Z  INFO get_files:scan_sources: tailwindcss_oxide::scanner: Discovering "G:\\Brave Downloads\\SuperShop-main(rawan hossam)\\SuperShop-main\\package.json"
2025-09-17T20:21:24.309880Z  INFO get_files:scan_sources: tailwindcss_oxide::scanner: Discovering "G:\\Brave Downloads\\SuperShop-main(rawan hossam)\\SuperShop-main\\postcss.config.mjs"
2025-09-17T20:21:24.310128Z  INFO get_files:scan_sources: tailwindcss_oxide::scanner: Discovering "G:\\Brave Downloads\\SuperShop-main(rawan hossam)\\SuperShop-main\\public"
2025-09-17T20:21:24.310461Z  INFO get_files:scan_sources: tailwindcss_oxide::scanner: Discovering "G:\\Brave Downloads\\SuperShop-main(rawan hossam)\\SuperShop-main\\public\\download.svg"
2025-09-17T20:21:24.310607Z  INFO get_files:scan_sources: tailwindcss_oxide::scanner: Discovering "G:\\Brave Downloads\\SuperShop-main(rawan hossam)\\SuperShop-main\\public\\file.svg"
2025-09-17T20:21:24.310739Z  INFO get_files:scan_sources: tailwindcss_oxide::scanner: Discovering "G:\\Brave Downloads\\SuperShop-main(rawan hossam)\\SuperShop-main\\public\\globe.svg"
2025-09-17T20:21:24.310871Z  INFO get_files:scan_sources: tailwindcss_oxide::scanner: Discovering "G:\\Brave Downloads\\SuperShop-main(rawan hossam)\\SuperShop-main\\public\\next.svg"
2025-09-17T20:21:24.311106Z  INFO get_files:scan_sources: tailwindcss_oxide::scanner: Discovering "G:\\Brave Downloads\\SuperShop-main(rawan hossam)\\SuperShop-main\\public\\slider"
2025-09-17T20:21:24.311599Z  INFO get_files:scan_sources: tailwindcss_oxide::scanner: Discovering "G:\\Brave Downloads\\SuperShop-main(rawan hossam)\\SuperShop-main\\public\\vercel.svg"
2025-09-17T20:21:24.311760Z  INFO get_files:scan_sources: tailwindcss_oxide::scanner: Discovering "G:\\Brave Downloads\\SuperShop-main(rawan hossam)\\SuperShop-main\\public\\window.svg"
2025-09-17T20:21:24.311928Z  INFO get_files:scan_sources: tailwindcss_oxide::scanner: Discovering "G:\\Brave Downloads\\SuperShop-main(rawan hossam)\\SuperShop-main\\README.md"
2025-09-17T20:21:24.312177Z  INFO get_files:scan_sources: tailwindcss_oxide::scanner: Discovering "G:\\Brave Downloads\\SuperShop-main(rawan hossam)\\SuperShop-main\\src"
2025-09-17T20:21:24.312559Z  INFO get_files:scan_sources: tailwindcss_oxide::scanner: Discovering "G:\\Brave Downloads\\SuperShop-main(rawan hossam)\\SuperShop-main\\src\\app"
2025-09-17T20:21:24.312945Z  INFO get_files:scan_sources: tailwindcss_oxide::scanner: Discovering "G:\\Brave Downloads\\SuperShop-main(rawan hossam)\\SuperShop-main\\src\\app\\(auth)"
2025-09-17T20:21:24.313352Z  INFO get_files:scan_sources: tailwindcss_oxide::scanner: Discovering "G:\\Brave Downloads\\SuperShop-main(rawan hossam)\\SuperShop-main\\src\\app\\(auth)\\forgetpassword"
2025-09-17T20:21:24.313654Z  INFO get_files:scan_sources: tailwindcss_oxide::scanner: Discovering "G:\\Brave Downloads\\SuperShop-main(rawan hossam)\\SuperShop-main\\src\\app\\(auth)\\forgetpassword\\page.tsx"
2025-09-17T20:21:24.313946Z  INFO get_files:scan_sources: tailwindcss_oxide::scanner: Discovering "G:\\Brave Downloads\\SuperShop-main(rawan hossam)\\SuperShop-main\\src\\app\\(auth)\\register"
2025-09-17T20:21:24.314263Z  INFO get_files:scan_sources: tailwindcss_oxide::scanner: Discovering "G:\\Brave Downloads\\SuperShop-main(rawan hossam)\\SuperShop-main\\src\\app\\(auth)\\register\\page.tsx"
2025-09-17T20:21:24.314670Z  INFO get_files:scan_sources: tailwindcss_oxide::scanner: Discovering "G:\\Brave Downloads\\SuperShop-main(rawan hossam)\\SuperShop-main\\src\\app\\(auth)\\resetcode"
2025-09-17T20:21:24.314954Z  INFO get_files:scan_sources: tailwindcss_oxide::scanner: Discovering "G:\\Brave Downloads\\SuperShop-main(rawan hossam)\\SuperShop-main\\src\\app\\(auth)\\resetcode\\page.tsx"
2025-09-17T20:21:24.315234Z  INFO get_files:scan_sources: tailwindcss_oxide::scanner: Discovering "G:\\Brave Downloads\\SuperShop-main(rawan hossam)\\SuperShop-main\\src\\app\\(auth)\\resetpassword"
2025-09-17T20:21:24.315511Z  INFO get_files:scan_sources: tailwindcss_oxide::scanner: Discovering "G:\\Brave Downloads\\SuperShop-main(rawan hossam)\\SuperShop-main\\src\\app\\(auth)\\resetpassword\\page.tsx"
2025-09-17T20:21:24.315777Z  INFO get_files:scan_sources: tailwindcss_oxide::scanner: Discovering "G:\\Brave Downloads\\SuperShop-main(rawan hossam)\\SuperShop-main\\src\\app\\(auth)\\signin"
2025-09-17T20:21:24.316041Z  INFO get_files:scan_sources: tailwindcss_oxide::scanner: Discovering "G:\\Brave Downloads\\SuperShop-main(rawan hossam)\\SuperShop-main\\src\\app\\(auth)\\signin\\page.tsx"
2025-09-17T20:21:24.316336Z  INFO get_files:scan_sources: tailwindcss_oxide::scanner: Discovering "G:\\Brave Downloads\\SuperShop-main(rawan hossam)\\SuperShop-main\\src\\app\\actions"
2025-09-17T20:21:24.316602Z  INFO get_files:scan_sources: tailwindcss_oxide::scanner: Discovering "G:\\Brave Downloads\\SuperShop-main(rawan hossam)\\SuperShop-main\\src\\app\\actions\\brands.action.ts"
2025-09-17T20:21:24.316742Z  INFO get_files:scan_sources: tailwindcss_oxide::scanner: Discovering "G:\\Brave Downloads\\SuperShop-main(rawan hossam)\\SuperShop-main\\src\\app\\actions\\cart.action.ts"
2025-09-17T20:21:24.316881Z  INFO get_files:scan_sources: tailwindcss_oxide::scanner: Discovering "G:\\Brave Downloads\\SuperShop-main(rawan hossam)\\SuperShop-main\\src\\app\\actions\\categories.action.ts"
2025-09-17T20:21:24.317012Z  INFO get_files:scan_sources: tailwindcss_oxide::scanner: Discovering "G:\\Brave Downloads\\SuperShop-main(rawan hossam)\\SuperShop-main\\src\\app\\actions\\payment.action.ts"
2025-09-17T20:21:24.317144Z  INFO get_files:scan_sources: tailwindcss_oxide::scanner: Discovering "G:\\Brave Downloads\\SuperShop-main(rawan hossam)\\SuperShop-main\\src\\app\\actions\\products.action.ts"
2025-09-17T20:21:24.317287Z  INFO get_files:scan_sources: tailwindcss_oxide::scanner: Discovering "G:\\Brave Downloads\\SuperShop-main(rawan hossam)\\SuperShop-main\\src\\app\\actions\\wishlist.action.ts"
2025-09-17T20:21:24.317538Z  INFO get_files:scan_sources: tailwindcss_oxide::scanner: Discovering "G:\\Brave Downloads\\SuperShop-main(rawan hossam)\\SuperShop-main\\src\\app\\allorders"
2025-09-17T20:21:24.317798Z  INFO get_files:scan_sources: tailwindcss_oxide::scanner: Discovering "G:\\Brave Downloads\\SuperShop-main(rawan hossam)\\SuperShop-main\\src\\app\\allorders\\page.tsx"
2025-09-17T20:21:24.318113Z  INFO get_files:scan_sources: tailwindcss_oxide::scanner: Discovering "G:\\Brave Downloads\\SuperShop-main(rawan hossam)\\SuperShop-main\\src\\app\\api"
2025-09-17T20:21:24.318459Z  INFO get_files:scan_sources: tailwindcss_oxide::scanner: Discovering "G:\\Brave Downloads\\SuperShop-main(rawan hossam)\\SuperShop-main\\src\\app\\api\\auth"
2025-09-17T20:21:24.318849Z  INFO get_files:scan_sources: tailwindcss_oxide::scanner: Discovering "G:\\Brave Downloads\\SuperShop-main(rawan hossam)\\SuperShop-main\\src\\app\\api\\auth\\[...nextauth]"
2025-09-17T20:21:24.319122Z  INFO get_files:scan_sources: tailwindcss_oxide::scanner: Discovering "G:\\Brave Downloads\\SuperShop-main(rawan hossam)\\SuperShop-main\\src\\app\\api\\auth\\[...nextauth]\\route.ts"
2025-09-17T20:21:24.319451Z  INFO get_files:scan_sources: tailwindcss_oxide::scanner: Discovering "G:\\Brave Downloads\\SuperShop-main(rawan hossam)\\SuperShop-main\\src\\app\\brands"
2025-09-17T20:21:24.319740Z  INFO get_files:scan_sources: tailwindcss_oxide::scanner: Discovering "G:\\Brave Downloads\\SuperShop-main(rawan hossam)\\SuperShop-main\\src\\app\\brands\\page.tsx"
2025-09-17T20:21:24.320017Z  INFO get_files:scan_sources: tailwindcss_oxide::scanner: Discovering "G:\\Brave Downloads\\SuperShop-main(rawan hossam)\\SuperShop-main\\src\\app\\cart"
2025-09-17T20:21:24.320367Z  INFO get_files:scan_sources: tailwindcss_oxide::scanner: Discovering "G:\\Brave Downloads\\SuperShop-main(rawan hossam)\\SuperShop-main\\src\\app\\cart\\page.tsx"
2025-09-17T20:21:24.320694Z  INFO get_files:scan_sources: tailwindcss_oxide::scanner: Discovering "G:\\Brave Downloads\\SuperShop-main(rawan hossam)\\SuperShop-main\\src\\app\\categories"
2025-09-17T20:21:24.321027Z  INFO get_files:scan_sources: tailwindcss_oxide::scanner: Discovering "G:\\Brave Downloads\\SuperShop-main(rawan hossam)\\SuperShop-main\\src\\app\\categories\\page.tsx"
2025-09-17T20:21:24.321700Z  INFO get_files:scan_sources: tailwindcss_oxide::scanner: Discovering "G:\\Brave Downloads\\SuperShop-main(rawan hossam)\\SuperShop-main\\src\\app\\categories\\[id]"
2025-09-17T20:21:24.322103Z  INFO get_files:scan_sources: tailwindcss_oxide::scanner: Discovering "G:\\Brave Downloads\\SuperShop-main(rawan hossam)\\SuperShop-main\\src\\app\\categories\\[id]\\page.tsx"
2025-09-17T20:21:24.322695Z  INFO get_files:scan_sources: tailwindcss_oxide::scanner: Discovering "G:\\Brave Downloads\\SuperShop-main(rawan hossam)\\SuperShop-main\\src\\app\\checkout"
2025-09-17T20:21:24.323228Z  INFO get_files:scan_sources: tailwindcss_oxide::scanner: Discovering "G:\\Brave Downloads\\SuperShop-main(rawan hossam)\\SuperShop-main\\src\\app\\checkout\\page.tsx"
2025-09-17T20:21:24.323579Z  INFO get_files:scan_sources: tailwindcss_oxide::scanner: Discovering "G:\\Brave Downloads\\SuperShop-main(rawan hossam)\\SuperShop-main\\src\\app\\context"
2025-09-17T20:21:24.323843Z  INFO get_files:scan_sources: tailwindcss_oxide::scanner: Discovering "G:\\Brave Downloads\\SuperShop-main(rawan hossam)\\SuperShop-main\\src\\app\\context\\AuthProvider.tsx"
2025-09-17T20:21:24.323990Z  INFO get_files:scan_sources: tailwindcss_oxide::scanner: Discovering "G:\\Brave Downloads\\SuperShop-main(rawan hossam)\\SuperShop-main\\src\\app\\context\\CartProvider.tsx"
2025-09-17T20:21:24.324151Z  INFO get_files:scan_sources: tailwindcss_oxide::scanner: Discovering "G:\\Brave Downloads\\SuperShop-main(rawan hossam)\\SuperShop-main\\src\\app\\context\\WishlistProvider.tsx"
2025-09-17T20:21:24.324349Z  INFO get_files:scan_sources: tailwindcss_oxide::scanner: Discovering "G:\\Brave Downloads\\SuperShop-main(rawan hossam)\\SuperShop-main\\src\\app\\globals.css"
2025-09-17T20:21:24.324493Z  INFO get_files:scan_sources: tailwindcss_oxide::scanner: Discovering "G:\\Brave Downloads\\SuperShop-main(rawan hossam)\\SuperShop-main\\src\\app\\layout.tsx"
2025-09-17T20:21:24.324643Z  INFO get_files:scan_sources: tailwindcss_oxide::scanner: Discovering "G:\\Brave Downloads\\SuperShop-main(rawan hossam)\\SuperShop-main\\src\\app\\loading.tsx"
2025-09-17T20:21:24.324775Z  INFO get_files:scan_sources: tailwindcss_oxide::scanner: Discovering "G:\\Brave Downloads\\SuperShop-main(rawan hossam)\\SuperShop-main\\src\\app\\not-found.tsx"
2025-09-17T20:21:24.324903Z  INFO get_files:scan_sources: tailwindcss_oxide::scanner: Discovering "G:\\Brave Downloads\\SuperShop-main(rawan hossam)\\SuperShop-main\\src\\app\\page.tsx"
2025-09-17T20:21:24.325134Z  INFO get_files:scan_sources: tailwindcss_oxide::scanner: Discovering "G:\\Brave Downloads\\SuperShop-main(rawan hossam)\\SuperShop-main\\src\\app\\products"
2025-09-17T20:21:24.325429Z  INFO get_files:scan_sources: tailwindcss_oxide::scanner: Discovering "G:\\Brave Downloads\\SuperShop-main(rawan hossam)\\SuperShop-main\\src\\app\\products\\loading.tsx"
2025-09-17T20:21:24.325584Z  INFO get_files:scan_sources: tailwindcss_oxide::scanner: Discovering "G:\\Brave Downloads\\SuperShop-main(rawan hossam)\\SuperShop-main\\src\\app\\products\\page.tsx"
2025-09-17T20:21:24.326201Z  INFO get_files:scan_sources: tailwindcss_oxide::scanner: Discovering "G:\\Brave Downloads\\SuperShop-main(rawan hossam)\\SuperShop-main\\src\\app\\products\\[id]"
2025-09-17T20:21:24.326523Z  INFO get_files:scan_sources: tailwindcss_oxide::scanner: Discovering "G:\\Brave Downloads\\SuperShop-main(rawan hossam)\\SuperShop-main\\src\\app\\products\\[id]\\page.tsx"
2025-09-17T20:21:24.326883Z  INFO get_files:scan_sources: tailwindcss_oxide::scanner: Discovering "G:\\Brave Downloads\\SuperShop-main(rawan hossam)\\SuperShop-main\\src\\app\\types"
2025-09-17T20:21:24.327260Z  INFO get_files:scan_sources: tailwindcss_oxide::scanner: Discovering "G:\\Brave Downloads\\SuperShop-main(rawan hossam)\\SuperShop-main\\src\\app\\types\\brands.model.ts"
2025-09-17T20:21:24.327775Z  INFO get_files:scan_sources: tailwindcss_oxide::scanner: Discovering "G:\\Brave Downloads\\SuperShop-main(rawan hossam)\\SuperShop-main\\src\\app\\types\\cart.model.ts"
2025-09-17T20:21:24.327988Z  INFO get_files:scan_sources: tailwindcss_oxide::scanner: Discovering "G:\\Brave Downloads\\SuperShop-main(rawan hossam)\\SuperShop-main\\src\\app\\types\\category.model.ts"
2025-09-17T20:21:24.328187Z  INFO get_files:scan_sources: tailwindcss_oxide::scanner: Discovering "G:\\Brave Downloads\\SuperShop-main(rawan hossam)\\SuperShop-main\\src\\app\\types\\forgetpassword.model.ts"
2025-09-17T20:21:24.328502Z  INFO get_files:scan_sources: tailwindcss_oxide::scanner: Discovering "G:\\Brave Downloads\\SuperShop-main(rawan hossam)\\SuperShop-main\\src\\app\\types\\productDetails.model.ts"
2025-09-17T20:21:24.328826Z  INFO get_files:scan_sources: tailwindcss_oxide::scanner: Discovering "G:\\Brave Downloads\\SuperShop-main(rawan hossam)\\SuperShop-main\\src\\app\\types\\products.model.ts"
2025-09-17T20:21:24.329036Z  INFO get_files:scan_sources: tailwindcss_oxide::scanner: Discovering "G:\\Brave Downloads\\SuperShop-main(rawan hossam)\\SuperShop-main\\src\\app\\types\\wishlist.model.ts"
2025-09-17T20:21:24.329443Z  INFO get_files:scan_sources: tailwindcss_oxide::scanner: Discovering "G:\\Brave Downloads\\SuperShop-main(rawan hossam)\\SuperShop-main\\src\\app\\wishlist"
2025-09-17T20:21:24.329840Z  INFO get_files:scan_sources: tailwindcss_oxide::scanner: Discovering "G:\\Brave Downloads\\SuperShop-main(rawan hossam)\\SuperShop-main\\src\\app\\wishlist\\page.tsx"
2025-09-17T20:21:24.330307Z  INFO get_files:scan_sources: tailwindcss_oxide::scanner: Discovering "G:\\Brave Downloads\\SuperShop-main(rawan hossam)\\SuperShop-main\\src\\components"
2025-09-17T20:21:24.330876Z  INFO get_files:scan_sources: tailwindcss_oxide::scanner: Discovering "G:\\Brave Downloads\\SuperShop-main(rawan hossam)\\SuperShop-main\\src\\components\\brands-comps"
2025-09-17T20:21:24.331292Z  INFO get_files:scan_sources: tailwindcss_oxide::scanner: Discovering "G:\\Brave Downloads\\SuperShop-main(rawan hossam)\\SuperShop-main\\src\\components\\brands-comps\\BrandCard.tsx"
2025-09-17T20:21:24.331522Z  INFO get_files:scan_sources: tailwindcss_oxide::scanner: Discovering "G:\\Brave Downloads\\SuperShop-main(rawan hossam)\\SuperShop-main\\src\\components\\brands-comps\\BrandGridSystem.tsx"
2025-09-17T20:21:24.332268Z  INFO get_files:scan_sources: tailwindcss_oxide::scanner: Discovering "G:\\Brave Downloads\\SuperShop-main(rawan hossam)\\SuperShop-main\\src\\components\\cart-comps"
2025-09-17T20:21:24.332697Z  INFO get_files:scan_sources: tailwindcss_oxide::scanner: Discovering "G:\\Brave Downloads\\SuperShop-main(rawan hossam)\\SuperShop-main\\src\\components\\cart-comps\\TableCart.tsx"
2025-09-17T20:21:24.333128Z  INFO get_files:scan_sources: tailwindcss_oxide::scanner: Discovering "G:\\Brave Downloads\\SuperShop-main(rawan hossam)\\SuperShop-main\\src\\components\\categories-comps"
2025-09-17T20:21:24.333538Z  INFO get_files:scan_sources: tailwindcss_oxide::scanner: Discovering "G:\\Brave Downloads\\SuperShop-main(rawan hossam)\\SuperShop-main\\src\\components\\categories-comps\\CategoriesCard.tsx"
2025-09-17T20:21:24.333772Z  INFO get_files:scan_sources: tailwindcss_oxide::scanner: Discovering "G:\\Brave Downloads\\SuperShop-main(rawan hossam)\\SuperShop-main\\src\\components\\categories-comps\\CategoriesGridSystem.tsx"
2025-09-17T20:21:24.334216Z  INFO get_files:scan_sources: tailwindcss_oxide::scanner: Discovering "G:\\Brave Downloads\\SuperShop-main(rawan hossam)\\SuperShop-main\\src\\components\\footer"
2025-09-17T20:21:24.334700Z  INFO get_files:scan_sources: tailwindcss_oxide::scanner: Discovering "G:\\Brave Downloads\\SuperShop-main(rawan hossam)\\SuperShop-main\\src\\components\\footer\\Footer.tsx"
2025-09-17T20:21:24.335267Z  INFO get_files:scan_sources: tailwindcss_oxide::scanner: Discovering "G:\\Brave Downloads\\SuperShop-main(rawan hossam)\\SuperShop-main\\src\\components\\nav-comps"
2025-09-17T20:21:24.335688Z  INFO get_files:scan_sources: tailwindcss_oxide::scanner: Discovering "G:\\Brave Downloads\\SuperShop-main(rawan hossam)\\SuperShop-main\\src\\components\\nav-comps\\Navbar.tsx"
2025-09-17T20:21:24.336170Z  INFO get_files:scan_sources: tailwindcss_oxide::scanner: Discovering "G:\\Brave Downloads\\SuperShop-main(rawan hossam)\\SuperShop-main\\src\\components\\products-comps"
2025-09-17T20:21:24.336532Z  INFO get_files:scan_sources: tailwindcss_oxide::scanner: Discovering "G:\\Brave Downloads\\SuperShop-main(rawan hossam)\\SuperShop-main\\src\\components\\products-comps\\ProductCard.tsx"
2025-09-17T20:21:24.336717Z  INFO get_files:scan_sources: tailwindcss_oxide::scanner: Discovering "G:\\Brave Downloads\\SuperShop-main(rawan hossam)\\SuperShop-main\\src\\components\\products-comps\\ProductDetailsComps.tsx"
2025-09-17T20:21:24.336958Z  INFO get_files:scan_sources: tailwindcss_oxide::scanner: Discovering "G:\\Brave Downloads\\SuperShop-main(rawan hossam)\\SuperShop-main\\src\\components\\products-comps\\ProductsGridSystem.tsx"
2025-09-17T20:21:24.337538Z  INFO get_files:scan_sources: tailwindcss_oxide::scanner: Discovering "G:\\Brave Downloads\\SuperShop-main(rawan hossam)\\SuperShop-main\\src\\components\\slider-comps"
2025-09-17T20:21:24.337882Z  INFO get_files:scan_sources: tailwindcss_oxide::scanner: Discovering "G:\\Brave Downloads\\SuperShop-main(rawan hossam)\\SuperShop-main\\src\\components\\slider-comps\\CategoriesSliderComps.tsx"
2025-09-17T20:21:24.338017Z  INFO get_files:scan_sources: tailwindcss_oxide::scanner: Discovering "G:\\Brave Downloads\\SuperShop-main(rawan hossam)\\SuperShop-main\\src\\components\\slider-comps\\MainSlider.tsx"
2025-09-17T20:21:24.338406Z  INFO get_files:scan_sources: tailwindcss_oxide::scanner: Discovering "G:\\Brave Downloads\\SuperShop-main(rawan hossam)\\SuperShop-main\\src\\components\\ui"
2025-09-17T20:21:24.338847Z  INFO get_files:scan_sources: tailwindcss_oxide::scanner: Discovering "G:\\Brave Downloads\\SuperShop-main(rawan hossam)\\SuperShop-main\\src\\components\\ui\\badge.tsx"
2025-09-17T20:21:24.339059Z  INFO get_files:scan_sources: tailwindcss_oxide::scanner: Discovering "G:\\Brave Downloads\\SuperShop-main(rawan hossam)\\SuperShop-main\\src\\components\\ui\\button.tsx"
2025-09-17T20:21:24.339233Z  INFO get_files:scan_sources: tailwindcss_oxide::scanner: Discovering "G:\\Brave Downloads\\SuperShop-main(rawan hossam)\\SuperShop-main\\src\\components\\ui\\card.tsx"
2025-09-17T20:21:24.339736Z  INFO get_files:scan_sources: tailwindcss_oxide::scanner: Discovering "G:\\Brave Downloads\\SuperShop-main(rawan hossam)\\SuperShop-main\\src\\components\\ui\\hover-card.tsx"
2025-09-17T20:21:24.339909Z  INFO get_files:scan_sources: tailwindcss_oxide::scanner: Discovering "G:\\Brave Downloads\\SuperShop-main(rawan hossam)\\SuperShop-main\\src\\components\\ui\\input-otp.tsx"
2025-09-17T20:21:24.340043Z  INFO get_files:scan_sources: tailwindcss_oxide::scanner: Discovering "G:\\Brave Downloads\\SuperShop-main(rawan hossam)\\SuperShop-main\\src\\components\\ui\\input.tsx"
2025-09-17T20:21:24.340192Z  INFO get_files:scan_sources: tailwindcss_oxide::scanner: Discovering "G:\\Brave Downloads\\SuperShop-main(rawan hossam)\\SuperShop-main\\src\\components\\ui\\label.tsx"
2025-09-17T20:21:24.340339Z  INFO get_files:scan_sources: tailwindcss_oxide::scanner: Discovering "G:\\Brave Downloads\\SuperShop-main(rawan hossam)\\SuperShop-main\\src\\components\\ui\\navigation-menu.tsx"
2025-09-17T20:21:24.340474Z  INFO get_files:scan_sources: tailwindcss_oxide::scanner: Discovering "G:\\Brave Downloads\\SuperShop-main(rawan hossam)\\SuperShop-main\\src\\components\\ui\\radio-group.tsx"
2025-09-17T20:21:24.340603Z  INFO get_files:scan_sources: tailwindcss_oxide::scanner: Discovering "G:\\Brave Downloads\\SuperShop-main(rawan hossam)\\SuperShop-main\\src\\components\\ui\\table.tsx"
2025-09-17T20:21:24.340956Z  INFO get_files:scan_sources: tailwindcss_oxide::scanner: Discovering "G:\\Brave Downloads\\SuperShop-main(rawan hossam)\\SuperShop-main\\src\\components\\wishlist-comps"
2025-09-17T20:21:24.341324Z  INFO get_files:scan_sources: tailwindcss_oxide::scanner: Discovering "G:\\Brave Downloads\\SuperShop-main(rawan hossam)\\SuperShop-main\\src\\components\\wishlist-comps\\TableWishlist.tsx"
2025-09-17T20:21:24.341467Z  INFO get_files:scan_sources: tailwindcss_oxide::scanner: Discovering "G:\\Brave Downloads\\SuperShop-main(rawan hossam)\\SuperShop-main\\src\\components\\wishlist-comps\\WishlistCard.tsx"
2025-09-17T20:21:24.341781Z  INFO get_files:scan_sources: tailwindcss_oxide::scanner: Discovering "G:\\Brave Downloads\\SuperShop-main(rawan hossam)\\SuperShop-main\\src\\lib"
2025-09-17T20:21:24.342032Z  INFO get_files:scan_sources: tailwindcss_oxide::scanner: Discovering "G:\\Brave Downloads\\SuperShop-main(rawan hossam)\\SuperShop-main\\src\\lib\\tokenutils.ts"
2025-09-17T20:21:24.342169Z  INFO get_files:scan_sources: tailwindcss_oxide::scanner: Discovering "G:\\Brave Downloads\\SuperShop-main(rawan hossam)\\SuperShop-main\\src\\lib\\utils.ts"
2025-09-17T20:21:24.342325Z  INFO get_files:scan_sources: tailwindcss_oxide::scanner: Discovering "G:\\Brave Downloads\\SuperShop-main(rawan hossam)\\SuperShop-main\\src\\middleware.ts"
2025-09-17T20:21:24.342511Z  INFO get_files:scan_sources: tailwindcss_oxide::scanner: Discovering "G:\\Brave Downloads\\SuperShop-main(rawan hossam)\\SuperShop-main\\tsconfig.json"
2025-09-17T20:21:24.342678Z  INFO get_files:scan_sources: tailwindcss_oxide::scanner: exit
2025-09-17T20:21:24.342824Z  INFO get_files: tailwindcss_oxide::scanner: exit
2025-09-17T20:21:24.342898Z  INFO get_globs: tailwindcss_oxide::scanner: enter
2025-09-17T20:21:24.342904Z  INFO get_globs:scan_sources: tailwindcss_oxide::scanner: enter
2025-09-17T20:21:24.345934Z  INFO get_globs:scan_sources: tailwindcss_oxide::scanner: Discovering "G:\\Brave Downloads\\SuperShop-main(rawan hossam)\\SuperShop-main\\.vscode"
2025-09-17T20:21:24.347418Z  INFO get_globs:scan_sources: tailwindcss_oxide::scanner: Discovering "G:\\Brave Downloads\\SuperShop-main(rawan hossam)\\SuperShop-main\\public"
2025-09-17T20:21:24.348158Z  INFO get_globs:scan_sources: tailwindcss_oxide::scanner: Discovering "G:\\Brave Downloads\\SuperShop-main(rawan hossam)\\SuperShop-main\\public\\slider"
2025-09-17T20:21:24.348842Z  INFO get_globs:scan_sources: tailwindcss_oxide::scanner: Discovering "G:\\Brave Downloads\\SuperShop-main(rawan hossam)\\SuperShop-main\\src"
2025-09-17T20:21:24.349188Z  INFO get_globs:scan_sources: tailwindcss_oxide::scanner: Discovering "G:\\Brave Downloads\\SuperShop-main(rawan hossam)\\SuperShop-main\\src\\app"
2025-09-17T20:21:24.349550Z  INFO get_globs:scan_sources: tailwindcss_oxide::scanner: Discovering "G:\\Brave Downloads\\SuperShop-main(rawan hossam)\\SuperShop-main\\src\\app\\(auth)"
2025-09-17T20:21:24.349899Z  INFO get_globs:scan_sources: tailwindcss_oxide::scanner: Discovering "G:\\Brave Downloads\\SuperShop-main(rawan hossam)\\SuperShop-main\\src\\app\\(auth)\\forgetpassword"
2025-09-17T20:21:24.350382Z  INFO get_globs:scan_sources: tailwindcss_oxide::scanner: Discovering "G:\\Brave Downloads\\SuperShop-main(rawan hossam)\\SuperShop-main\\src\\app\\(auth)\\register"
2025-09-17T20:21:24.350932Z  INFO get_globs:scan_sources: tailwindcss_oxide::scanner: Discovering "G:\\Brave Downloads\\SuperShop-main(rawan hossam)\\SuperShop-main\\src\\app\\(auth)\\resetcode"
2025-09-17T20:21:24.351403Z  INFO get_globs:scan_sources: tailwindcss_oxide::scanner: Discovering "G:\\Brave Downloads\\SuperShop-main(rawan hossam)\\SuperShop-main\\src\\app\\(auth)\\resetpassword"
2025-09-17T20:21:24.351855Z  INFO get_globs:scan_sources: tailwindcss_oxide::scanner: Discovering "G:\\Brave Downloads\\SuperShop-main(rawan hossam)\\SuperShop-main\\src\\app\\(auth)\\signin"
2025-09-17T20:21:24.352347Z  INFO get_globs:scan_sources: tailwindcss_oxide::scanner: Discovering "G:\\Brave Downloads\\SuperShop-main(rawan hossam)\\SuperShop-main\\src\\app\\actions"
2025-09-17T20:21:24.353333Z  INFO get_globs:scan_sources: tailwindcss_oxide::scanner: Discovering "G:\\Brave Downloads\\SuperShop-main(rawan hossam)\\SuperShop-main\\src\\app\\allorders"
2025-09-17T20:21:24.353793Z  INFO get_globs:scan_sources: tailwindcss_oxide::scanner: Discovering "G:\\Brave Downloads\\SuperShop-main(rawan hossam)\\SuperShop-main\\src\\app\\api"
2025-09-17T20:21:24.354147Z  INFO get_globs:scan_sources: tailwindcss_oxide::scanner: Discovering "G:\\Brave Downloads\\SuperShop-main(rawan hossam)\\SuperShop-main\\src\\app\\api\\auth"
2025-09-17T20:21:24.354608Z  INFO get_globs:scan_sources: tailwindcss_oxide::scanner: Discovering "G:\\Brave Downloads\\SuperShop-main(rawan hossam)\\SuperShop-main\\src\\app\\api\\auth\\[...nextauth]"
2025-09-17T20:21:24.355218Z  INFO get_globs:scan_sources: tailwindcss_oxide::scanner: Discovering "G:\\Brave Downloads\\SuperShop-main(rawan hossam)\\SuperShop-main\\src\\app\\brands"
2025-09-17T20:21:24.355769Z  INFO get_globs:scan_sources: tailwindcss_oxide::scanner: Discovering "G:\\Brave Downloads\\SuperShop-main(rawan hossam)\\SuperShop-main\\src\\app\\cart"
2025-09-17T20:21:24.356679Z  INFO get_globs:scan_sources: tailwindcss_oxide::scanner: Discovering "G:\\Brave Downloads\\SuperShop-main(rawan hossam)\\SuperShop-main\\src\\app\\categories"
2025-09-17T20:21:24.357348Z  INFO get_globs:scan_sources: tailwindcss_oxide::scanner: Discovering "G:\\Brave Downloads\\SuperShop-main(rawan hossam)\\SuperShop-main\\src\\app\\categories\\[id]"
2025-09-17T20:21:24.358115Z  INFO get_globs:scan_sources: tailwindcss_oxide::scanner: Discovering "G:\\Brave Downloads\\SuperShop-main(rawan hossam)\\SuperShop-main\\src\\app\\checkout"
2025-09-17T20:21:24.358793Z  INFO get_globs:scan_sources: tailwindcss_oxide::scanner: Discovering "G:\\Brave Downloads\\SuperShop-main(rawan hossam)\\SuperShop-main\\src\\app\\context"
2025-09-17T20:21:24.360181Z  INFO get_globs:scan_sources: tailwindcss_oxide::scanner: Discovering "G:\\Brave Downloads\\SuperShop-main(rawan hossam)\\SuperShop-main\\src\\app\\products"
2025-09-17T20:21:24.360694Z  INFO get_globs:scan_sources: tailwindcss_oxide::scanner: Discovering "G:\\Brave Downloads\\SuperShop-main(rawan hossam)\\SuperShop-main\\src\\app\\products\\[id]"
2025-09-17T20:21:24.361189Z  INFO get_globs:scan_sources: tailwindcss_oxide::scanner: Discovering "G:\\Brave Downloads\\SuperShop-main(rawan hossam)\\SuperShop-main\\src\\app\\types"
2025-09-17T20:21:24.362033Z  INFO get_globs:scan_sources: tailwindcss_oxide::scanner: Discovering "G:\\Brave Downloads\\SuperShop-main(rawan hossam)\\SuperShop-main\\src\\app\\wishlist"
2025-09-17T20:21:24.363029Z  INFO get_globs:scan_sources: tailwindcss_oxide::scanner: Discovering "G:\\Brave Downloads\\SuperShop-main(rawan hossam)\\SuperShop-main\\src\\components"
2025-09-17T20:21:24.363584Z  INFO get_globs:scan_sources: tailwindcss_oxide::scanner: Discovering "G:\\Brave Downloads\\SuperShop-main(rawan hossam)\\SuperShop-main\\src\\components\\brands-comps"
2025-09-17T20:21:24.364472Z  INFO get_globs:scan_sources: tailwindcss_oxide::scanner: Discovering "G:\\Brave Downloads\\SuperShop-main(rawan hossam)\\SuperShop-main\\src\\components\\cart-comps"
2025-09-17T20:21:24.365099Z  INFO get_globs:scan_sources: tailwindcss_oxide::scanner: Discovering "G:\\Brave Downloads\\SuperShop-main(rawan hossam)\\SuperShop-main\\src\\components\\categories-comps"
2025-09-17T20:21:24.365855Z  INFO get_globs:scan_sources: tailwindcss_oxide::scanner: Discovering "G:\\Brave Downloads\\SuperShop-main(rawan hossam)\\SuperShop-main\\src\\components\\footer"
2025-09-17T20:21:24.366340Z  INFO get_globs:scan_sources: tailwindcss_oxide::scanner: Discovering "G:\\Brave Downloads\\SuperShop-main(rawan hossam)\\SuperShop-main\\src\\components\\nav-comps"
2025-09-17T20:21:24.366807Z  INFO get_globs:scan_sources: tailwindcss_oxide::scanner: Discovering "G:\\Brave Downloads\\SuperShop-main(rawan hossam)\\SuperShop-main\\src\\components\\products-comps"
2025-09-17T20:21:24.367413Z  INFO get_globs:scan_sources: tailwindcss_oxide::scanner: Discovering "G:\\Brave Downloads\\SuperShop-main(rawan hossam)\\SuperShop-main\\src\\components\\slider-comps"
2025-09-17T20:21:24.368110Z  INFO get_globs:scan_sources: tailwindcss_oxide::scanner: Discovering "G:\\Brave Downloads\\SuperShop-main(rawan hossam)\\SuperShop-main\\src\\components\\ui"
2025-09-17T20:21:24.369523Z  INFO get_globs:scan_sources: tailwindcss_oxide::scanner: Discovering "G:\\Brave Downloads\\SuperShop-main(rawan hossam)\\SuperShop-main\\src\\components\\wishlist-comps"
2025-09-17T20:21:24.370219Z  INFO get_globs:scan_sources: tailwindcss_oxide::scanner: Discovering "G:\\Brave Downloads\\SuperShop-main(rawan hossam)\\SuperShop-main\\src\\lib"
2025-09-17T20:21:24.371054Z  INFO get_globs:scan_sources: tailwindcss_oxide::scanner: exit
2025-09-17T20:21:24.399449Z  INFO get_globs: tailwindcss_oxide::scanner: exit
